{"/home/travis/build/npmtest/node-npmtest-generator-hottowel/test.js":{"path":"/home/travis/build/npmtest/node-npmtest-generator-hottowel/test.js","s":{"1":2,"2":2,"3":2,"4":2,"5":2,"6":2,"7":2,"8":1,"9":2,"10":2,"11":1,"12":1,"13":1,"14":1,"15":2,"16":2,"17":2,"18":2,"19":1,"20":1,"21":2,"22":2,"23":2,"24":1,"25":1,"26":1,"27":1,"28":1,"29":1,"30":1,"31":1,"32":1,"33":1,"34":1,"35":1,"36":1,"37":1,"38":1,"39":2,"40":2,"41":1,"42":2,"43":2,"44":1,"45":2,"46":2,"47":1,"48":2,"49":2,"50":1,"51":1,"52":1,"53":1,"54":1},"b":{"1":[2,1,1,1],"2":[1,1,1,1],"3":[1,1],"4":[1,1],"5":[1,1],"6":[1,1],"7":[1,1],"8":[1,1],"9":[1,1],"10":[1,1,1],"11":[1,1],"12":[1,1],"13":[1,1],"14":[1,1],"15":[1,1],"16":[1,1],"17":[1,1]},"f":{"1":2,"2":2,"3":2,"4":2,"5":2,"6":1,"7":1,"8":1,"9":2,"10":2,"11":2,"12":2,"13":1},"fnMap":{"1":{"name":"(anonymous_1)","line":12,"loc":{"start":{"line":12,"column":1},"end":{"line":12,"column":13}}},"2":{"name":"(anonymous_2)","line":19,"loc":{"start":{"line":19,"column":5},"end":{"line":19,"column":17}}},"3":{"name":"(anonymous_3)","line":23,"loc":{"start":{"line":23,"column":24},"end":{"line":23,"column":36}}},"4":{"name":"(anonymous_4)","line":61,"loc":{"start":{"line":61,"column":5},"end":{"line":61,"column":17}}},"5":{"name":"(anonymous_5)","line":82,"loc":{"start":{"line":82,"column":5},"end":{"line":82,"column":17}}},"6":{"name":"(anonymous_6)","line":91,"loc":{"start":{"line":91,"column":77},"end":{"line":94,"column":10}}},"7":{"name":"(anonymous_7)","line":112,"loc":{"start":{"line":112,"column":83},"end":{"line":115,"column":10}},"skip":true},"8":{"name":"(anonymous_8)","line":123,"loc":{"start":{"line":123,"column":77},"end":{"line":126,"column":10}},"skip":true},"9":{"name":"(anonymous_9)","line":139,"loc":{"start":{"line":139,"column":12},"end":{"line":139,"column":40}},"skip":true},"10":{"name":"(anonymous_10)","line":147,"loc":{"start":{"line":147,"column":77},"end":{"line":150,"column":10}},"skip":true},"11":{"name":"(anonymous_11)","line":158,"loc":{"start":{"line":158,"column":83},"end":{"line":161,"column":10}},"skip":true},"12":{"name":"(anonymous_12)","line":169,"loc":{"start":{"line":169,"column":79},"end":{"line":172,"column":10}},"skip":true},"13":{"name":"(anonymous_13)","line":180,"loc":{"start":{"line":180,"column":75},"end":{"line":183,"column":10}},"skip":true}},"statementMap":{"1":{"start":{"line":12,"column":0},"end":{"line":195,"column":5}},"2":{"start":{"line":14,"column":4},"end":{"line":14,"column":14}},"3":{"start":{"line":19,"column":4},"end":{"line":56,"column":9}},"4":{"start":{"line":21,"column":8},"end":{"line":21,"column":19}},"5":{"start":{"line":23,"column":8},"end":{"line":35,"column":13}},"6":{"start":{"line":24,"column":12},"end":{"line":34,"column":13}},"7":{"start":{"line":25,"column":16},"end":{"line":28,"column":30}},"8":{"start":{"line":30,"column":16},"end":{"line":33,"column":27}},"9":{"start":{"line":37,"column":8},"end":{"line":39,"column":21}},"10":{"start":{"line":40,"column":8},"end":{"line":53,"column":9}},"11":{"start":{"line":43,"column":12},"end":{"line":46,"column":14}},"12":{"start":{"line":47,"column":12},"end":{"line":47,"column":18}},"13":{"start":{"line":50,"column":12},"end":{"line":51,"column":46}},"14":{"start":{"line":52,"column":12},"end":{"line":52,"column":18}},"15":{"start":{"line":55,"column":8},"end":{"line":55,"column":35}},"16":{"start":{"line":61,"column":4},"end":{"line":63,"column":9}},"17":{"start":{"line":62,"column":8},"end":{"line":62,"column":15}},"18":{"start":{"line":64,"column":4},"end":{"line":77,"column":5}},"19":{"start":{"line":70,"column":8},"end":{"line":70,"column":14}},"20":{"start":{"line":76,"column":8},"end":{"line":76,"column":14}},"21":{"start":{"line":82,"column":4},"end":{"line":84,"column":9}},"22":{"start":{"line":83,"column":8},"end":{"line":83,"column":15}},"23":{"start":{"line":85,"column":4},"end":{"line":194,"column":5}},"24":{"start":{"line":91,"column":8},"end":{"line":99,"column":10}},"25":{"start":{"line":98,"column":12},"end":{"line":98,"column":35}},"26":{"start":{"line":102,"column":8},"end":{"line":104,"column":63}},"27":{"start":{"line":105,"column":8},"end":{"line":105,"column":14}},"28":{"start":{"line":112,"column":8},"end":{"line":121,"column":10},"skip":true},"29":{"start":{"line":119,"column":12},"end":{"line":119,"column":55},"skip":true},"30":{"start":{"line":120,"column":12},"end":{"line":120,"column":48},"skip":true},"31":{"start":{"line":123,"column":8},"end":{"line":136,"column":10},"skip":true},"32":{"start":{"line":130,"column":12},"end":{"line":130,"column":76},"skip":true},"33":{"start":{"line":131,"column":12},"end":{"line":131,"column":73},"skip":true},"34":{"start":{"line":132,"column":12},"end":{"line":132,"column":74},"skip":true},"35":{"start":{"line":133,"column":12},"end":{"line":133,"column":79},"skip":true},"36":{"start":{"line":134,"column":12},"end":{"line":134,"column":25},"skip":true},"37":{"start":{"line":135,"column":12},"end":{"line":135,"column":45},"skip":true},"38":{"start":{"line":138,"column":8},"end":{"line":145,"column":14},"skip":true},"39":{"start":{"line":143,"column":16},"end":{"line":143,"column":29},"skip":true},"40":{"start":{"line":144,"column":16},"end":{"line":144,"column":55},"skip":true},"41":{"start":{"line":147,"column":8},"end":{"line":156,"column":10},"skip":true},"42":{"start":{"line":154,"column":12},"end":{"line":154,"column":25},"skip":true},"43":{"start":{"line":155,"column":12},"end":{"line":155,"column":45},"skip":true},"44":{"start":{"line":158,"column":8},"end":{"line":167,"column":10},"skip":true},"45":{"start":{"line":165,"column":12},"end":{"line":165,"column":25},"skip":true},"46":{"start":{"line":166,"column":12},"end":{"line":166,"column":48},"skip":true},"47":{"start":{"line":169,"column":8},"end":{"line":178,"column":10},"skip":true},"48":{"start":{"line":176,"column":12},"end":{"line":176,"column":25},"skip":true},"49":{"start":{"line":177,"column":12},"end":{"line":177,"column":46},"skip":true},"50":{"start":{"line":180,"column":8},"end":{"line":189,"column":10},"skip":true},"51":{"start":{"line":187,"column":12},"end":{"line":187,"column":94},"skip":true},"52":{"start":{"line":188,"column":12},"end":{"line":188,"column":48},"skip":true},"53":{"start":{"line":192,"column":8},"end":{"line":192,"column":35},"skip":true},"54":{"start":{"line":193,"column":8},"end":{"line":193,"column":14},"skip":true}},"branchMap":{"1":{"line":25,"type":"binary-expr","locations":[{"start":{"line":25,"column":23},"end":{"line":25,"column":62}},{"start":{"line":26,"column":20},"end":{"line":26,"column":70}},{"start":{"line":27,"column":20},"end":{"line":27,"column":71}},{"start":{"line":28,"column":20},"end":{"line":28,"column":29}}]},"2":{"line":30,"type":"binary-expr","locations":[{"start":{"line":30,"column":23},"end":{"line":30,"column":37}},{"start":{"line":31,"column":20},"end":{"line":31,"column":61}},{"start":{"line":32,"column":20},"end":{"line":32,"column":70}},{"start":{"line":33,"column":20},"end":{"line":33,"column":26}}]},"3":{"line":37,"type":"cond-expr","locations":[{"start":{"line":38,"column":14},"end":{"line":38,"column":20}},{"start":{"line":39,"column":14},"end":{"line":39,"column":20}}]},"4":{"line":40,"type":"switch","locations":[{"start":{"line":42,"column":8},"end":{"line":47,"column":18}},{"start":{"line":49,"column":8},"end":{"line":52,"column":18}}]},"5":{"line":44,"type":"binary-expr","locations":[{"start":{"line":44,"column":16},"end":{"line":44,"column":44}},{"start":{"line":44,"column":48},"end":{"line":44,"column":66}}]},"6":{"line":50,"type":"binary-expr","locations":[{"start":{"line":50,"column":21},"end":{"line":50,"column":49}},{"start":{"line":50,"column":53},"end":{"line":50,"column":72}}]},"7":{"line":64,"type":"switch","locations":[{"start":{"line":69,"column":4},"end":{"line":70,"column":14}},{"start":{"line":75,"column":4},"end":{"line":76,"column":14}}]},"8":{"line":85,"type":"switch","locations":[{"start":{"line":90,"column":4},"end":{"line":105,"column":14}},{"start":{"line":111,"column":4},"end":{"line":193,"column":14},"skip":true}]},"9":{"line":91,"type":"binary-expr","locations":[{"start":{"line":91,"column":42},"end":{"line":91,"column":73}},{"start":{"line":91,"column":77},"end":{"line":99,"column":9}}]},"10":{"line":102,"type":"binary-expr","locations":[{"start":{"line":102,"column":18},"end":{"line":102,"column":32}},{"start":{"line":103,"column":12},"end":{"line":103,"column":53}},{"start":{"line":104,"column":12},"end":{"line":104,"column":61}}]},"11":{"line":112,"type":"binary-expr","locations":[{"start":{"line":112,"column":45},"end":{"line":112,"column":79},"skip":true},{"start":{"line":112,"column":83},"end":{"line":121,"column":9},"skip":true}]},"12":{"line":123,"type":"binary-expr","locations":[{"start":{"line":123,"column":42},"end":{"line":123,"column":73},"skip":true},{"start":{"line":123,"column":77},"end":{"line":136,"column":9},"skip":true}]},"13":{"line":138,"type":"binary-expr","locations":[{"start":{"line":138,"column":48},"end":{"line":138,"column":85},"skip":true},{"start":{"line":139,"column":12},"end":{"line":145,"column":13},"skip":true}]},"14":{"line":147,"type":"binary-expr","locations":[{"start":{"line":147,"column":42},"end":{"line":147,"column":73},"skip":true},{"start":{"line":147,"column":77},"end":{"line":156,"column":9},"skip":true}]},"15":{"line":158,"type":"binary-expr","locations":[{"start":{"line":158,"column":45},"end":{"line":158,"column":79},"skip":true},{"start":{"line":158,"column":83},"end":{"line":167,"column":9},"skip":true}]},"16":{"line":169,"type":"binary-expr","locations":[{"start":{"line":169,"column":43},"end":{"line":169,"column":75},"skip":true},{"start":{"line":169,"column":79},"end":{"line":178,"column":9},"skip":true}]},"17":{"line":180,"type":"binary-expr","locations":[{"start":{"line":180,"column":41},"end":{"line":180,"column":71},"skip":true},{"start":{"line":180,"column":75},"end":{"line":189,"column":9},"skip":true}]}},"code":["/* istanbul instrument in package npmtest_generator_hottowel */","/*jslint","    bitwise: true,","    browser: true,","    maxerr: 8,","    maxlen: 96,","    node: true,","    nomen: true,","    regexp: true,","    stupid: true","*/","(function () {","    'use strict';","    var local;","","","","    // run shared js-env code - pre-init","    (function () {","        // init local","        local = {};","        // init modeJs","        local.modeJs = (function () {","            try {","                return typeof navigator.userAgent === 'string' &&","                    typeof document.querySelector('body') === 'object' &&","                    typeof XMLHttpRequest.prototype.open === 'function' &&","                    'browser';","            } catch (errorCaughtBrowser) {","                return module.exports &&","                    typeof process.versions.node === 'string' &&","                    typeof require('http').createServer === 'function' &&","                    'node';","            }","        }());","        // init global","        local.global = local.modeJs === 'browser'","            ? window","            : global;","        switch (local.modeJs) {","        // re-init local from window.local","        case 'browser':","            local = local.global.utility2.objectSetDefault(","                local.global.utility2_rollup || local.global.local,","                local.global.utility2","            );","            break;","        // re-init local from example.js","        case 'node':","            local = (local.global.utility2_rollup || require('utility2'))","                .requireExampleJsFromReadme();","            break;","        }","        // export local","        local.global.local = local;","    }());","","","","    // run shared js-env code - function","    (function () {","        return;","    }());","    switch (local.modeJs) {","","","","    // run browser js-env code - function","    case 'browser':","        break;","","","","    // run node js-env code - function","    case 'node':","        break;","    }","","","","    // run shared js-env code - post-init","    (function () {","        return;","    }());","    switch (local.modeJs) {","","","","    // run browser js-env code - post-init","    case 'browser':","        local.testCase_browser_nullCase = local.testCase_browser_nullCase || function (","            options,","            onError","        ) {","        /*","         * this function will test browsers's null-case handling-behavior-behavior","         */","            onError(null, options);","        };","","        // run tests","        local.nop(local.modeTest &&","            document.querySelector('#testRunButton1') &&","            document.querySelector('#testRunButton1').click());","        break;","","","","    // run node js-env code - post-init","    /* istanbul ignore next */","    case 'node':","        local.testCase_buildApidoc_default = local.testCase_buildApidoc_default || function (","            options,","            onError","        ) {","        /*","         * this function will test buildApidoc's default handling-behavior-behavior","         */","            options = { modulePathList: module.paths };","            local.buildApidoc(options, onError);","        };","","        local.testCase_buildApp_default = local.testCase_buildApp_default || function (","            options,","            onError","        ) {","        /*","         * this function will test buildApp's default handling-behavior-behavior","         */","            local.testCase_buildReadme_default(options, local.onErrorThrow);","            local.testCase_buildLib_default(options, local.onErrorThrow);","            local.testCase_buildTest_default(options, local.onErrorThrow);","            local.testCase_buildCustomOrg_default(options, local.onErrorThrow);","            options = [];","            local.buildApp(options, onError);","        };","","        local.testCase_buildCustomOrg_default = local.testCase_buildCustomOrg_default ||","            function (options, onError) {","            /*","             * this function will test buildCustomOrg's default handling-behavior","             */","                options = {};","                local.buildCustomOrg(options, onError);","            };","","        local.testCase_buildLib_default = local.testCase_buildLib_default || function (","            options,","            onError","        ) {","        /*","         * this function will test buildLib's default handling-behavior","         */","            options = {};","            local.buildLib(options, onError);","        };","","        local.testCase_buildReadme_default = local.testCase_buildReadme_default || function (","            options,","            onError","        ) {","        /*","         * this function will test buildReadme's default handling-behavior-behavior","         */","            options = {};","            local.buildReadme(options, onError);","        };","","        local.testCase_buildTest_default = local.testCase_buildTest_default || function (","            options,","            onError","        ) {","        /*","         * this function will test buildTest's default handling-behavior","         */","            options = {};","            local.buildTest(options, onError);","        };","","        local.testCase_webpage_default = local.testCase_webpage_default || function (","            options,","            onError","        ) {","        /*","         * this function will test webpage's default handling-behavior","         */","            options = { modeCoverageMerge: true, url: local.serverLocalHost + '?modeTest=1' };","            local.browserTest(options, onError);","        };","","        // run test-server","        local.testRunServer(local);","        break;","    }","}());",""],"l":{"12":2,"14":2,"19":2,"21":2,"23":2,"24":2,"25":2,"30":1,"37":2,"40":2,"43":1,"47":1,"50":1,"52":1,"55":2,"61":2,"62":2,"64":2,"70":1,"76":1,"82":2,"83":2,"85":2,"91":1,"98":1,"102":1,"105":1,"112":1,"119":1,"120":1,"123":1,"130":1,"131":1,"132":1,"133":1,"134":1,"135":1,"138":1,"143":2,"144":2,"147":1,"154":2,"155":2,"158":1,"165":2,"166":2,"169":1,"176":2,"177":2,"180":1,"187":1,"188":1,"192":1,"193":1}},"/home/travis/build/npmtest/node-npmtest-generator-hottowel/lib.npmtest_generator_hottowel.js":{"path":"/home/travis/build/npmtest/node-npmtest-generator-hottowel/lib.npmtest_generator_hottowel.js","s":{"1":2,"2":2,"3":2,"4":2,"5":2,"6":2,"7":2,"8":1,"9":2,"10":2,"11":2,"12":2,"13":1,"14":1,"15":1,"16":1},"b":{"1":[2,1,1,1],"2":[1,1,1,1],"3":[1,1],"4":[2,2],"5":[1,1]},"f":{"1":2,"2":2,"3":2},"fnMap":{"1":{"name":"(anonymous_1)","line":12,"loc":{"start":{"line":12,"column":1},"end":{"line":12,"column":13}}},"2":{"name":"(anonymous_2)","line":19,"loc":{"start":{"line":19,"column":5},"end":{"line":19,"column":17}}},"3":{"name":"(anonymous_3)","line":23,"loc":{"start":{"line":23,"column":24},"end":{"line":23,"column":36}}}},"statementMap":{"1":{"start":{"line":12,"column":0},"end":{"line":53,"column":5}},"2":{"start":{"line":14,"column":4},"end":{"line":14,"column":14}},"3":{"start":{"line":19,"column":4},"end":{"line":52,"column":9}},"4":{"start":{"line":21,"column":8},"end":{"line":21,"column":19}},"5":{"start":{"line":23,"column":8},"end":{"line":35,"column":13}},"6":{"start":{"line":24,"column":12},"end":{"line":34,"column":13}},"7":{"start":{"line":25,"column":16},"end":{"line":28,"column":30}},"8":{"start":{"line":30,"column":16},"end":{"line":33,"column":27}},"9":{"start":{"line":37,"column":8},"end":{"line":39,"column":21}},"10":{"start":{"line":41,"column":8},"end":{"line":41,"column":54}},"11":{"start":{"line":43,"column":8},"end":{"line":43,"column":63}},"12":{"start":{"line":45,"column":8},"end":{"line":51,"column":9}},"13":{"start":{"line":46,"column":12},"end":{"line":46,"column":69}},"14":{"start":{"line":48,"column":12},"end":{"line":48,"column":35}},"15":{"start":{"line":49,"column":12},"end":{"line":49,"column":49}},"16":{"start":{"line":50,"column":12},"end":{"line":50,"column":43}}},"branchMap":{"1":{"line":25,"type":"binary-expr","locations":[{"start":{"line":25,"column":23},"end":{"line":25,"column":62}},{"start":{"line":26,"column":20},"end":{"line":26,"column":70}},{"start":{"line":27,"column":20},"end":{"line":27,"column":71}},{"start":{"line":28,"column":20},"end":{"line":28,"column":29}}]},"2":{"line":30,"type":"binary-expr","locations":[{"start":{"line":30,"column":23},"end":{"line":30,"column":37}},{"start":{"line":31,"column":20},"end":{"line":31,"column":61}},{"start":{"line":32,"column":20},"end":{"line":32,"column":70}},{"start":{"line":33,"column":20},"end":{"line":33,"column":26}}]},"3":{"line":37,"type":"cond-expr","locations":[{"start":{"line":38,"column":14},"end":{"line":38,"column":20}},{"start":{"line":39,"column":14},"end":{"line":39,"column":20}}]},"4":{"line":41,"type":"binary-expr","locations":[{"start":{"line":41,"column":16},"end":{"line":41,"column":44}},{"start":{"line":41,"column":48},"end":{"line":41,"column":53}}]},"5":{"line":45,"type":"if","locations":[{"start":{"line":45,"column":8},"end":{"line":45,"column":8}},{"start":{"line":45,"column":8},"end":{"line":45,"column":8}}]}},"code":["/* istanbul instrument in package npmtest_generator_hottowel */","/*jslint","    bitwise: true,","    browser: true,","    maxerr: 8,","    maxlen: 96,","    node: true,","    nomen: true,","    regexp: true,","    stupid: true","*/","(function () {","    'use strict';","    var local;","","","","    // run shared js-env code - pre-init","    (function () {","        // init local","        local = {};","        // init modeJs","        local.modeJs = (function () {","            try {","                return typeof navigator.userAgent === 'string' &&","                    typeof document.querySelector('body') === 'object' &&","                    typeof XMLHttpRequest.prototype.open === 'function' &&","                    'browser';","            } catch (errorCaughtBrowser) {","                return module.exports &&","                    typeof process.versions.node === 'string' &&","                    typeof require('http').createServer === 'function' &&","                    'node';","            }","        }());","        // init global","        local.global = local.modeJs === 'browser'","            ? window","            : global;","        // init utility2_rollup","        local = local.global.utility2_rollup || local;","        // init lib","        local.local = local.npmtest_generator_hottowel = local;","        // init exports","        if (local.modeJs === 'browser') {","            local.global.utility2_npmtest_generator_hottowel = local;","        } else {","            module.exports = local;","            module.exports.__dirname = __dirname;","            module.exports.module = module;","        }","    }());","}());",""],"l":{"12":2,"14":2,"19":2,"21":2,"23":2,"24":2,"25":2,"30":1,"37":2,"41":2,"43":2,"45":2,"46":1,"48":1,"49":1,"50":1}},"/home/travis/build/npmtest/node-npmtest-generator-hottowel/example.js":{"path":"/home/travis/build/npmtest/node-npmtest-generator-hottowel/example.js","s":{"1":2,"2":2,"3":2,"4":2,"5":2,"6":2,"7":2,"8":1,"9":2,"10":2,"11":2,"12":2,"13":1,"14":2,"15":2,"16":2,"17":2,"18":2,"19":0,"20":2,"21":1,"22":1,"23":1,"24":1,"25":1,"26":0,"27":0,"28":1,"29":1,"30":2,"31":0,"32":0,"33":0,"34":1,"35":2,"36":2,"37":3,"38":3,"39":3,"40":3,"41":0,"42":3,"43":3,"44":3,"45":1,"46":3,"47":1,"48":1,"49":1,"50":1,"51":1,"52":1,"53":1,"54":1,"55":1,"56":1,"57":0,"58":1,"59":6,"60":6,"61":1,"62":2,"63":0,"64":2,"65":1,"66":1,"67":0,"68":0,"69":0,"70":0,"71":0,"72":0,"73":0,"74":0,"75":0,"76":0,"77":0,"78":0,"79":0,"80":0,"81":0,"82":0,"83":0},"b":{"1":[2,1,1,1],"2":[1,1,1,1],"3":[1,1],"4":[2,2],"5":[1,1],"6":[1,1],"7":[2,0],"8":[2,1,1,1,1,1],"9":[0,2,0],"10":[1,1],"11":[2,1,1],"12":[1,0],"13":[0,2],"14":[2,0,0,0,0,0,0],"15":[0,3],"16":[3,0],"17":[1,1],"18":[0,1],"19":[1,2,0,2],"20":[1,0],"21":[1,1],"22":[0,0],"23":[0,0],"24":[0,0],"25":[0,0],"26":[0,0],"27":[0,0],"28":[0,0]},"f":{"1":2,"2":2,"3":2,"4":2,"5":2,"6":2,"7":3,"8":3,"9":3,"10":1,"11":6,"12":0},"fnMap":{"1":{"name":"(anonymous_1)","line":26,"loc":{"start":{"line":26,"column":1},"end":{"line":26,"column":13}}},"2":{"name":"(anonymous_2)","line":33,"loc":{"start":{"line":33,"column":5},"end":{"line":33,"column":17}}},"3":{"name":"(anonymous_3)","line":37,"loc":{"start":{"line":37,"column":24},"end":{"line":37,"column":36}}},"4":{"name":"(anonymous_4)","line":69,"loc":{"start":{"line":69,"column":31},"end":{"line":69,"column":48}},"skip":true},"5":{"name":"(anonymous_5)","line":78,"loc":{"start":{"line":78,"column":26},"end":{"line":78,"column":45}},"skip":true},"6":{"name":"(anonymous_6)","line":123,"loc":{"start":{"line":123,"column":33},"end":{"line":123,"column":48}},"skip":true},"7":{"name":"(anonymous_7)","line":125,"loc":{"start":{"line":125,"column":27},"end":{"line":125,"column":39}},"skip":true},"8":{"name":"(anonymous_8)","line":133,"loc":{"start":{"line":133,"column":59},"end":{"line":133,"column":74}},"skip":true},"9":{"name":"(anonymous_9)","line":143,"loc":{"start":{"line":143,"column":45},"end":{"line":143,"column":62}},"skip":true},"10":{"name":"(anonymous_10)","line":144,"loc":{"start":{"line":144,"column":73},"end":{"line":144,"column":92}},"skip":true},"11":{"name":"(anonymous_11)","line":272,"loc":{"start":{"line":272,"column":51},"end":{"line":272,"column":77}},"skip":true},"12":{"name":"(anonymous_12)","line":315,"loc":{"start":{"line":315,"column":32},"end":{"line":315,"column":61}},"skip":true}},"statementMap":{"1":{"start":{"line":26,"column":0},"end":{"line":326,"column":5}},"2":{"start":{"line":28,"column":4},"end":{"line":28,"column":14}},"3":{"start":{"line":33,"column":4},"end":{"line":60,"column":9}},"4":{"start":{"line":35,"column":8},"end":{"line":35,"column":19}},"5":{"start":{"line":37,"column":8},"end":{"line":49,"column":13}},"6":{"start":{"line":38,"column":12},"end":{"line":48,"column":13}},"7":{"start":{"line":39,"column":16},"end":{"line":42,"column":30}},"8":{"start":{"line":44,"column":16},"end":{"line":47,"column":27}},"9":{"start":{"line":51,"column":8},"end":{"line":53,"column":21}},"10":{"start":{"line":55,"column":8},"end":{"line":57,"column":45}},"11":{"start":{"line":59,"column":8},"end":{"line":59,"column":35}},"12":{"start":{"line":61,"column":4},"end":{"line":325,"column":5}},"13":{"start":{"line":69,"column":8},"end":{"line":121,"column":10},"skip":true},"14":{"start":{"line":70,"column":12},"end":{"line":88,"column":13},"skip":true},"15":{"start":{"line":76,"column":16},"end":{"line":87,"column":19},"skip":true},"16":{"start":{"line":79,"column":20},"end":{"line":86,"column":21},"skip":true},"17":{"start":{"line":82,"column":24},"end":{"line":82,"column":43},"skip":true},"18":{"start":{"line":83,"column":24},"end":{"line":83,"column":30},"skip":true},"19":{"start":{"line":85,"column":24},"end":{"line":85,"column":49},"skip":true},"20":{"start":{"line":89,"column":12},"end":{"line":107,"column":13},"skip":true},"21":{"start":{"line":92,"column":16},"end":{"line":102,"column":17},"skip":true},"22":{"start":{"line":93,"column":20},"end":{"line":93,"column":86},"skip":true},"23":{"start":{"line":94,"column":20},"end":{"line":95,"column":45},"skip":true},"24":{"start":{"line":96,"column":20},"end":{"line":96,"column":42},"skip":true},"25":{"start":{"line":97,"column":20},"end":{"line":97,"column":48},"skip":true},"26":{"start":{"line":100,"column":20},"end":{"line":100,"column":85},"skip":true},"27":{"start":{"line":101,"column":20},"end":{"line":101,"column":96},"skip":true},"28":{"start":{"line":103,"column":16},"end":{"line":103,"column":22},"skip":true},"29":{"start":{"line":106,"column":16},"end":{"line":106,"column":22},"skip":true},"30":{"start":{"line":108,"column":12},"end":{"line":120,"column":13},"skip":true},"31":{"start":{"line":114,"column":16},"end":{"line":119,"column":17},"skip":true},"32":{"start":{"line":116,"column":20},"end":{"line":116,"column":78},"skip":true},"33":{"start":{"line":118,"column":20},"end":{"line":118,"column":47},"skip":true},"34":{"start":{"line":123,"column":8},"end":{"line":141,"column":11},"skip":true},"35":{"start":{"line":124,"column":12},"end":{"line":124,"column":54},"skip":true},"36":{"start":{"line":125,"column":12},"end":{"line":140,"column":14},"skip":true},"37":{"start":{"line":126,"column":16},"end":{"line":126,"column":28},"skip":true},"38":{"start":{"line":127,"column":16},"end":{"line":127,"column":69},"skip":true},"39":{"start":{"line":128,"column":16},"end":{"line":128,"column":75},"skip":true},"40":{"start":{"line":129,"column":16},"end":{"line":131,"column":17},"skip":true},"41":{"start":{"line":130,"column":20},"end":{"line":130,"column":27},"skip":true},"42":{"start":{"line":133,"column":16},"end":{"line":137,"column":36},"skip":true},"43":{"start":{"line":134,"column":20},"end":{"line":136,"column":55},"skip":true},"44":{"start":{"line":139,"column":16},"end":{"line":139,"column":57},"skip":true},"45":{"start":{"line":143,"column":8},"end":{"line":147,"column":11},"skip":true},"46":{"start":{"line":144,"column":12},"end":{"line":146,"column":15},"skip":true},"47":{"start":{"line":145,"column":16},"end":{"line":145,"column":70},"skip":true},"48":{"start":{"line":149,"column":8},"end":{"line":149,"column":31},"skip":true},"49":{"start":{"line":150,"column":8},"end":{"line":150,"column":14},"skip":true},"50":{"start":{"line":158,"column":8},"end":{"line":158,"column":31},"skip":true},"51":{"start":{"line":160,"column":8},"end":{"line":160,"column":33},"skip":true},"52":{"start":{"line":161,"column":8},"end":{"line":161,"column":37},"skip":true},"53":{"start":{"line":162,"column":8},"end":{"line":162,"column":35},"skip":true},"54":{"start":{"line":164,"column":8},"end":{"line":164,"column":50},"skip":true},"55":{"start":{"line":166,"column":8},"end":{"line":256,"column":2},"skip":true},"56":{"start":{"line":258,"column":8},"end":{"line":286,"column":9},"skip":true},"57":{"start":{"line":259,"column":12},"end":{"line":269,"column":14},"skip":true},"58":{"start":{"line":271,"column":12},"end":{"line":285,"column":19},"skip":true},"59":{"start":{"line":274,"column":20},"end":{"line":274,"column":35},"skip":true},"60":{"start":{"line":275,"column":20},"end":{"line":284,"column":21},"skip":true},"61":{"start":{"line":277,"column":24},"end":{"line":277,"column":64},"skip":true},"62":{"start":{"line":279,"column":24},"end":{"line":279,"column":40},"skip":true},"63":{"start":{"line":281,"column":24},"end":{"line":281,"column":40},"skip":true},"64":{"start":{"line":283,"column":24},"end":{"line":283,"column":39},"skip":true},"65":{"start":{"line":288,"column":8},"end":{"line":290,"column":9},"skip":true},"66":{"start":{"line":289,"column":12},"end":{"line":289,"column":18},"skip":true},"67":{"start":{"line":291,"column":8},"end":{"line":293,"column":54},"skip":true},"68":{"start":{"line":296,"column":8},"end":{"line":301,"column":37},"skip":true},"69":{"start":{"line":303,"column":8},"end":{"line":303,"column":82},"skip":true},"70":{"start":{"line":306,"column":8},"end":{"line":308,"column":9},"skip":true},"71":{"start":{"line":307,"column":12},"end":{"line":307,"column":82},"skip":true},"72":{"start":{"line":310,"column":8},"end":{"line":312,"column":9},"skip":true},"73":{"start":{"line":311,"column":12},"end":{"line":311,"column":18},"skip":true},"74":{"start":{"line":313,"column":8},"end":{"line":313,"column":54},"skip":true},"75":{"start":{"line":314,"column":8},"end":{"line":314,"column":69},"skip":true},"76":{"start":{"line":315,"column":8},"end":{"line":323,"column":36},"skip":true},"77":{"start":{"line":316,"column":12},"end":{"line":316,"column":61},"skip":true},"78":{"start":{"line":317,"column":12},"end":{"line":320,"column":13},"skip":true},"79":{"start":{"line":318,"column":16},"end":{"line":318,"column":75},"skip":true},"80":{"start":{"line":319,"column":16},"end":{"line":319,"column":23},"skip":true},"81":{"start":{"line":321,"column":12},"end":{"line":321,"column":38},"skip":true},"82":{"start":{"line":322,"column":12},"end":{"line":322,"column":27},"skip":true},"83":{"start":{"line":324,"column":8},"end":{"line":324,"column":14},"skip":true}},"branchMap":{"1":{"line":39,"type":"binary-expr","locations":[{"start":{"line":39,"column":23},"end":{"line":39,"column":62}},{"start":{"line":40,"column":20},"end":{"line":40,"column":70}},{"start":{"line":41,"column":20},"end":{"line":41,"column":71}},{"start":{"line":42,"column":20},"end":{"line":42,"column":29}}]},"2":{"line":44,"type":"binary-expr","locations":[{"start":{"line":44,"column":23},"end":{"line":44,"column":37}},{"start":{"line":45,"column":20},"end":{"line":45,"column":61}},{"start":{"line":46,"column":20},"end":{"line":46,"column":70}},{"start":{"line":47,"column":20},"end":{"line":47,"column":26}}]},"3":{"line":51,"type":"cond-expr","locations":[{"start":{"line":52,"column":14},"end":{"line":52,"column":20}},{"start":{"line":53,"column":14},"end":{"line":53,"column":20}}]},"4":{"line":55,"type":"binary-expr","locations":[{"start":{"line":55,"column":16},"end":{"line":55,"column":44}},{"start":{"line":55,"column":49},"end":{"line":57,"column":43}}]},"5":{"line":55,"type":"cond-expr","locations":[{"start":{"line":56,"column":14},"end":{"line":56,"column":62}},{"start":{"line":57,"column":14},"end":{"line":57,"column":43}}]},"6":{"line":61,"type":"switch","locations":[{"start":{"line":68,"column":4},"end":{"line":150,"column":14},"skip":true},{"start":{"line":156,"column":4},"end":{"line":324,"column":14},"skip":true}]},"7":{"line":70,"type":"if","locations":[{"start":{"line":70,"column":12},"end":{"line":70,"column":12},"skip":true},{"start":{"line":70,"column":12},"end":{"line":70,"column":12},"skip":true}]},"8":{"line":70,"type":"binary-expr","locations":[{"start":{"line":70,"column":16},"end":{"line":70,"column":22},"skip":true},{"start":{"line":70,"column":27},"end":{"line":70,"column":32},"skip":true},{"start":{"line":71,"column":20},"end":{"line":71,"column":39},"skip":true},{"start":{"line":72,"column":20},"end":{"line":72,"column":49},"skip":true},{"start":{"line":73,"column":20},"end":{"line":73,"column":58},"skip":true},{"start":{"line":74,"column":20},"end":{"line":74,"column":69},"skip":true}]},"9":{"line":79,"type":"switch","locations":[{"start":{"line":80,"column":20},"end":{"line":80,"column":33},"skip":true},{"start":{"line":81,"column":20},"end":{"line":83,"column":30},"skip":true},{"start":{"line":84,"column":20},"end":{"line":85,"column":49},"skip":true}]},"10":{"line":89,"type":"switch","locations":[{"start":{"line":90,"column":12},"end":{"line":103,"column":22},"skip":true},{"start":{"line":105,"column":12},"end":{"line":106,"column":22},"skip":true}]},"11":{"line":89,"type":"binary-expr","locations":[{"start":{"line":89,"column":20},"end":{"line":89,"column":25},"skip":true},{"start":{"line":89,"column":29},"end":{"line":89,"column":48},"skip":true},{"start":{"line":89,"column":52},"end":{"line":89,"column":74},"skip":true}]},"12":{"line":92,"type":"if","locations":[{"start":{"line":92,"column":16},"end":{"line":92,"column":16},"skip":true},{"start":{"line":92,"column":16},"end":{"line":92,"column":16},"skip":true}]},"13":{"line":108,"type":"if","locations":[{"start":{"line":108,"column":12},"end":{"line":108,"column":12},"skip":true},{"start":{"line":108,"column":12},"end":{"line":108,"column":12},"skip":true}]},"14":{"line":108,"type":"binary-expr","locations":[{"start":{"line":108,"column":16},"end":{"line":108,"column":61},"skip":true},{"start":{"line":108,"column":66},"end":{"line":108,"column":72},"skip":true},{"start":{"line":108,"column":77},"end":{"line":108,"column":82},"skip":true},{"start":{"line":109,"column":20},"end":{"line":109,"column":39},"skip":true},{"start":{"line":110,"column":20},"end":{"line":110,"column":49},"skip":true},{"start":{"line":111,"column":20},"end":{"line":111,"column":58},"skip":true},{"start":{"line":112,"column":20},"end":{"line":112,"column":68},"skip":true}]},"15":{"line":129,"type":"if","locations":[{"start":{"line":129,"column":16},"end":{"line":129,"column":16},"skip":true},{"start":{"line":129,"column":16},"end":{"line":129,"column":16},"skip":true}]},"16":{"line":134,"type":"cond-expr","locations":[{"start":{"line":135,"column":26},"end":{"line":135,"column":29},"skip":true},{"start":{"line":136,"column":26},"end":{"line":136,"column":54},"skip":true}]},"17":{"line":164,"type":"binary-expr","locations":[{"start":{"line":164,"column":27},"end":{"line":164,"column":43},"skip":true},{"start":{"line":164,"column":47},"end":{"line":164,"column":49},"skip":true}]},"18":{"line":258,"type":"if","locations":[{"start":{"line":258,"column":8},"end":{"line":258,"column":8},"skip":true},{"start":{"line":258,"column":8},"end":{"line":258,"column":8},"skip":true}]},"19":{"line":275,"type":"switch","locations":[{"start":{"line":276,"column":20},"end":{"line":277,"column":64},"skip":true},{"start":{"line":278,"column":20},"end":{"line":279,"column":40},"skip":true},{"start":{"line":280,"column":20},"end":{"line":281,"column":40},"skip":true},{"start":{"line":282,"column":20},"end":{"line":283,"column":39},"skip":true}]},"20":{"line":288,"type":"if","locations":[{"start":{"line":288,"column":8},"end":{"line":288,"column":8},"skip":true},{"start":{"line":288,"column":8},"end":{"line":288,"column":8},"skip":true}]},"21":{"line":288,"type":"binary-expr","locations":[{"start":{"line":288,"column":12},"end":{"line":288,"column":40},"skip":true},{"start":{"line":288,"column":44},"end":{"line":288,"column":67},"skip":true}]},"22":{"line":292,"type":"binary-expr","locations":[{"start":{"line":292,"column":12},"end":{"line":292,"column":50},"skip":true},{"start":{"line":293,"column":12},"end":{"line":293,"column":53},"skip":true}]},"23":{"line":297,"type":"binary-expr","locations":[{"start":{"line":297,"column":12},"end":{"line":297,"column":76},"skip":true},{"start":{"line":298,"column":12},"end":{"line":301,"column":36},"skip":true}]},"24":{"line":303,"type":"binary-expr","locations":[{"start":{"line":303,"column":43},"end":{"line":303,"column":75},"skip":true},{"start":{"line":303,"column":79},"end":{"line":303,"column":81},"skip":true}]},"25":{"line":306,"type":"if","locations":[{"start":{"line":306,"column":8},"end":{"line":306,"column":8},"skip":true},{"start":{"line":306,"column":8},"end":{"line":306,"column":8},"skip":true}]},"26":{"line":310,"type":"if","locations":[{"start":{"line":310,"column":8},"end":{"line":310,"column":8},"skip":true},{"start":{"line":310,"column":8},"end":{"line":310,"column":8},"skip":true}]},"27":{"line":313,"type":"binary-expr","locations":[{"start":{"line":313,"column":27},"end":{"line":313,"column":43},"skip":true},{"start":{"line":313,"column":47},"end":{"line":313,"column":53},"skip":true}]},"28":{"line":317,"type":"if","locations":[{"start":{"line":317,"column":12},"end":{"line":317,"column":12},"skip":true},{"start":{"line":317,"column":12},"end":{"line":317,"column":12},"skip":true}]}},"code":["/*","example.js","","quickstart example","","instruction","    1. save this script as example.js","    2. run the shell command:","        $ npm install npmtest-generator-hottowel && PORT=8081 node example.js","    3. play with the browser-demo on http://127.0.0.1:8081","*/","","","","/* istanbul instrument in package npmtest_generator_hottowel */","/*jslint","    bitwise: true,","    browser: true,","    maxerr: 8,","    maxlen: 96,","    node: true,","    nomen: true,","    regexp: true,","    stupid: true","*/","(function () {","    'use strict';","    var local;","","","","    // run shared js-env code - pre-init","    (function () {","        // init local","        local = {};","        // init modeJs","        local.modeJs = (function () {","            try {","                return typeof navigator.userAgent === 'string' &&","                    typeof document.querySelector('body') === 'object' &&","                    typeof XMLHttpRequest.prototype.open === 'function' &&","                    'browser';","            } catch (errorCaughtBrowser) {","                return module.exports &&","                    typeof process.versions.node === 'string' &&","                    typeof require('http').createServer === 'function' &&","                    'node';","            }","        }());","        // init global","        local.global = local.modeJs === 'browser'","            ? window","            : global;","        // init utility2_rollup","        local = local.global.utility2_rollup || (local.modeJs === 'browser'","            ? local.global.utility2_npmtest_generator_hottowel","            : global.utility2_moduleExports);","        // export local","        local.global.local = local;","    }());","    switch (local.modeJs) {","","","","    // post-init","    // run browser js-env code - post-init","    /* istanbul ignore next */","    case 'browser':","        local.testRunBrowser = function (event) {","            if (!event || (event &&","                    event.currentTarget &&","                    event.currentTarget.className &&","                    event.currentTarget.className.includes &&","                    event.currentTarget.className.includes('onreset'))) {","                // reset output","                Array.from(","                    document.querySelectorAll('body > .resettable')","                ).forEach(function (element) {","                    switch (element.tagName) {","                    case 'INPUT':","                    case 'TEXTAREA':","                        element.value = '';","                        break;","                    default:","                        element.textContent = '';","                    }","                });","            }","            switch (event && event.currentTarget && event.currentTarget.id) {","            case 'testRunButton1':","                // show tests","                if (document.querySelector('#testReportDiv1').style.display === 'none') {","                    document.querySelector('#testReportDiv1').style.display = 'block';","                    document.querySelector('#testRunButton1').textContent =","                        'hide internal test';","                    local.modeTest = true;","                    local.testRunDefault(local);","                // hide tests","                } else {","                    document.querySelector('#testReportDiv1').style.display = 'none';","                    document.querySelector('#testRunButton1').textContent = 'run internal test';","                }","                break;","            // custom-case","            default:","                break;","            }","            if (document.querySelector('#inputTextareaEval1') && (!event || (event &&","                    event.currentTarget &&","                    event.currentTarget.className &&","                    event.currentTarget.className.includes &&","                    event.currentTarget.className.includes('oneval')))) {","                // try to eval input-code","                try {","                    /*jslint evil: true*/","                    eval(document.querySelector('#inputTextareaEval1').value);","                } catch (errorCaught) {","                    console.error(errorCaught);","                }","            }","        };","        // log stderr and stdout to #outputTextareaStdout1","        ['error', 'log'].forEach(function (key) {","            console[key + '_original'] = console[key];","            console[key] = function () {","                var element;","                console[key + '_original'].apply(console, arguments);","                element = document.querySelector('#outputTextareaStdout1');","                if (!element) {","                    return;","                }","                // append text to #outputTextareaStdout1","                element.value += Array.from(arguments).map(function (arg) {","                    return typeof arg === 'string'","                        ? arg","                        : JSON.stringify(arg, null, 4);","                }).join(' ') + '\\n';","                // scroll textarea to bottom","                element.scrollTop = element.scrollHeight;","            };","        });","        // init event-handling","        ['change', 'click', 'keyup'].forEach(function (event) {","            Array.from(document.querySelectorAll('.on' + event)).forEach(function (element) {","                element.addEventListener(event, local.testRunBrowser);","            });","        });","        // run tests","        local.testRunBrowser();","        break;","","","","    // run node js-env code - post-init","    /* istanbul ignore next */","    case 'node':","        // export local","        module.exports = local;","        // require modules","        local.fs = require('fs');","        local.http = require('http');","        local.url = require('url');","        // init assets","        local.assetsDict = local.assetsDict || {};","        /* jslint-ignore-begin */","        local.assetsDict['/assets.index.template.html'] = '\\","<!doctype html>\\n\\","<html lang=\"en\">\\n\\","<head>\\n\\","<meta charset=\"UTF-8\">\\n\\","<meta name=\"viewport\" content=\"width=device-width, initial-scale=1\">\\n\\","<title>{{env.npm_package_name}} (v{{env.npm_package_version}})</title>\\n\\","<style>\\n\\","/*csslint\\n\\","    box-sizing: false,\\n\\","    universal-selector: false\\n\\","*/\\n\\","* {\\n\\","    box-sizing: border-box;\\n\\","}\\n\\","body {\\n\\","    background: #dde;\\n\\","    font-family: Arial, Helvetica, sans-serif;\\n\\","    margin: 2rem;\\n\\","}\\n\\","body > * {\\n\\","    margin-bottom: 1rem;\\n\\","}\\n\\",".utility2FooterDiv {\\n\\","    margin-top: 20px;\\n\\","    text-align: center;\\n\\","}\\n\\","</style>\\n\\","<style>\\n\\","/*csslint\\n\\","*/\\n\\","textarea {\\n\\","    font-family: monospace;\\n\\","    height: 10rem;\\n\\","    width: 100%;\\n\\","}\\n\\","textarea[readonly] {\\n\\","    background: #ddd;\\n\\","}\\n\\","</style>\\n\\","</head>\\n\\","<body>\\n\\","<!-- utility2-comment\\n\\","<div id=\"ajaxProgressDiv1\" style=\"background: #d00; height: 2px; left: 0; margin: 0; padding: 0; position: fixed; top: 0; transition: background 0.5s, width 1.5s; width: 25%;\"></div>\\n\\","utility2-comment -->\\n\\","<h1>\\n\\","<!-- utility2-comment\\n\\","    <a\\n\\","        {{#if env.npm_package_homepage}}\\n\\","        href=\"{{env.npm_package_homepage}}\"\\n\\","        {{/if env.npm_package_homepage}}\\n\\","        target=\"_blank\"\\n\\","    >\\n\\","utility2-comment -->\\n\\","        {{env.npm_package_name}} (v{{env.npm_package_version}})\\n\\","<!-- utility2-comment\\n\\","    </a>\\n\\","utility2-comment -->\\n\\","</h1>\\n\\","<h3>{{env.npm_package_description}}</h3>\\n\\","<!-- utility2-comment\\n\\","<h4><a download href=\"assets.app.js\">download standalone app</a></h4>\\n\\","<button class=\"onclick onreset\" id=\"testRunButton1\">run internal test</button><br>\\n\\","<div id=\"testReportDiv1\" style=\"display: none;\"></div>\\n\\","utility2-comment -->\\n\\","\\n\\","\\n\\","\\n\\","<label>stderr and stdout</label>\\n\\","<textarea class=\"resettable\" id=\"outputTextareaStdout1\" readonly></textarea>\\n\\","<!-- utility2-comment\\n\\","{{#if isRollup}}\\n\\","<script src=\"assets.app.js\"></script>\\n\\","{{#unless isRollup}}\\n\\","utility2-comment -->\\n\\","<script src=\"assets.utility2.rollup.js\"></script>\\n\\","<script src=\"jsonp.utility2._stateInit?callback=window.utility2._stateInit\"></script>\\n\\","<script src=\"assets.npmtest_generator_hottowel.rollup.js\"></script>\\n\\","<script src=\"assets.example.js\"></script>\\n\\","<script src=\"assets.test.js\"></script>\\n\\","<!-- utility2-comment\\n\\","{{/if isRollup}}\\n\\","utility2-comment -->\\n\\","<div class=\"utility2FooterDiv\">\\n\\","    [ this app was created with\\n\\","    <a href=\"https://github.com/kaizhu256/node-utility2\" target=\"_blank\">utility2</a>\\n\\","    ]\\n\\","</div>\\n\\","</body>\\n\\","</html>\\n\\","';","        /* jslint-ignore-end */","        if (local.templateRender) {","            local.assetsDict['/'] = local.templateRender(","                local.assetsDict['/assets.index.template.html'],","                {","                    env: local.objectSetDefault(local.env, {","                        npm_package_description: 'the greatest app in the world!',","                        npm_package_name: 'my-app',","                        npm_package_nameAlias: 'my_app',","                        npm_package_version: '0.0.1'","                    })","                }","            );","        } else {","            local.assetsDict['/'] = local.assetsDict['/assets.index.template.html']","                .replace((/\\{\\{env\\.(\\w+?)\\}\\}/g), function (match0, match1) {","                    // jslint-hack","                    String(match0);","                    switch (match1) {","                    case 'npm_package_description':","                        return 'the greatest app in the world!';","                    case 'npm_package_name':","                        return 'my-app';","                    case 'npm_package_nameAlias':","                        return 'my_app';","                    case 'npm_package_version':","                        return '0.0.1';","                    }","                });","        }","        // run the cli","        if (local.global.utility2_rollup || module !== require.main) {","            break;","        }","        local.assetsDict['/assets.example.js'] =","            local.assetsDict['/assets.example.js'] ||","            local.fs.readFileSync(__filename, 'utf8');","        // bug-workaround - long $npm_package_buildCustomOrg","        /* jslint-ignore-begin */","        local.assetsDict['/assets.npmtest_generator_hottowel.rollup.js'] =","            local.assetsDict['/assets.npmtest_generator_hottowel.rollup.js'] ||","            local.fs.readFileSync(","                local.npmtest_generator_hottowel.__dirname + '/lib.npmtest_generator_hottowel.js',","                'utf8'","            ).replace((/^#!/), '//');","        /* jslint-ignore-end */","        local.assetsDict['/favicon.ico'] = local.assetsDict['/favicon.ico'] || '';","        // if $npm_config_timeout_exit exists,","        // then exit this process after $npm_config_timeout_exit ms","        if (Number(process.env.npm_config_timeout_exit)) {","            setTimeout(process.exit, Number(process.env.npm_config_timeout_exit));","        }","        // start server","        if (local.global.utility2_serverHttp1) {","            break;","        }","        process.env.PORT = process.env.PORT || '8081';","        console.error('server starting on port ' + process.env.PORT);","        local.http.createServer(function (request, response) {","            request.urlParsed = local.url.parse(request.url);","            if (local.assetsDict[request.urlParsed.pathname] !== undefined) {","                response.end(local.assetsDict[request.urlParsed.pathname]);","                return;","            }","            response.statusCode = 404;","            response.end();","        }).listen(process.env.PORT);","        break;","    }","}());",""],"l":{"26":2,"28":2,"33":2,"35":2,"37":2,"38":2,"39":2,"44":1,"51":2,"55":2,"59":2,"61":2,"69":1,"70":2,"76":2,"79":2,"82":2,"83":2,"85":1,"89":2,"92":1,"93":1,"94":1,"96":1,"97":1,"100":1,"101":1,"103":1,"106":1,"108":2,"114":1,"116":1,"118":1,"123":1,"124":2,"125":2,"126":3,"127":3,"128":3,"129":3,"130":1,"133":3,"134":3,"139":3,"143":1,"144":3,"145":1,"149":1,"150":1,"158":1,"160":1,"161":1,"162":1,"164":1,"166":1,"258":1,"259":1,"271":1,"274":6,"275":6,"277":1,"279":2,"281":1,"283":2,"288":1,"289":1,"291":1,"296":1,"303":1,"306":1,"307":1,"310":1,"311":1,"313":1,"314":1,"315":1,"316":1,"317":1,"318":1,"319":1,"321":1,"322":1,"324":1}},"/home/travis/build/npmtest/node-npmtest-generator-hottowel/node_modules/generator-hottowel/app/index.js":{"path":"/home/travis/build/npmtest/node-npmtest-generator-hottowel/node_modules/generator-hottowel/app/index.js","s":{"1":1,"2":1,"3":1,"4":1,"5":1,"6":1,"7":1,"8":1,"9":1,"10":0,"11":0,"12":0,"13":0,"14":0,"15":0,"16":0,"17":0,"18":0,"19":0,"20":0,"21":0,"22":0,"23":0,"24":0,"25":0,"26":0,"27":0,"28":0,"29":0,"30":0,"31":0,"32":0,"33":0,"34":0,"35":0,"36":0,"37":0,"38":0,"39":0,"40":0,"41":0,"42":0,"43":0,"44":0,"45":0,"46":0,"47":0,"48":0,"49":0,"50":0,"51":1},"b":{"1":[0,0],"2":[0,0],"3":[0,0]},"f":{"1":0,"2":0,"3":0,"4":0,"5":0,"6":0,"7":0,"8":0,"9":0,"10":0,"11":0,"12":0},"fnMap":{"1":{"name":"(anonymous_1)","line":13,"loc":{"start":{"line":13,"column":15},"end":{"line":13,"column":26}}},"2":{"name":"(anonymous_2)","line":22,"loc":{"start":{"line":22,"column":11},"end":{"line":22,"column":22}}},"3":{"name":"(anonymous_3)","line":28,"loc":{"start":{"line":28,"column":13},"end":{"line":28,"column":24}}},"4":{"name":"(anonymous_4)","line":43,"loc":{"start":{"line":43,"column":25},"end":{"line":43,"column":43}}},"5":{"name":"(anonymous_5)","line":50,"loc":{"start":{"line":50,"column":15},"end":{"line":50,"column":26}}},"6":{"name":"(anonymous_6)","line":54,"loc":{"start":{"line":54,"column":16},"end":{"line":54,"column":27}}},"7":{"name":"(anonymous_7)","line":68,"loc":{"start":{"line":68,"column":10},"end":{"line":68,"column":21}}},"8":{"name":"(anonymous_8)","line":72,"loc":{"start":{"line":72,"column":19},"end":{"line":72,"column":30}}},"9":{"name":"(anonymous_9)","line":76,"loc":{"start":{"line":76,"column":12},"end":{"line":76,"column":23}}},"10":{"name":"(anonymous_10)","line":92,"loc":{"start":{"line":92,"column":16},"end":{"line":92,"column":27}}},"11":{"name":"(anonymous_11)","line":100,"loc":{"start":{"line":100,"column":10},"end":{"line":100,"column":21}}},"12":{"name":"(anonymous_12)","line":111,"loc":{"start":{"line":111,"column":7},"end":{"line":111,"column":18}}}},"statementMap":{"1":{"start":{"line":2,"column":0},"end":{"line":2,"column":27}},"2":{"start":{"line":3,"column":0},"end":{"line":3,"column":27}},"3":{"start":{"line":4,"column":0},"end":{"line":4,"column":41}},"4":{"start":{"line":5,"column":0},"end":{"line":5,"column":29}},"5":{"start":{"line":6,"column":0},"end":{"line":6,"column":29}},"6":{"start":{"line":7,"column":0},"end":{"line":7,"column":26}},"7":{"start":{"line":8,"column":0},"end":{"line":8,"column":39}},"8":{"start":{"line":9,"column":0},"end":{"line":9,"column":13}},"9":{"start":{"line":11,"column":0},"end":{"line":114,"column":3}},"10":{"start":{"line":16,"column":4},"end":{"line":16,"column":39}},"11":{"start":{"line":18,"column":4},"end":{"line":18,"column":64}},"12":{"start":{"line":19,"column":4},"end":{"line":19,"column":67}},"13":{"start":{"line":23,"column":4},"end":{"line":25,"column":7}},"14":{"start":{"line":30,"column":4},"end":{"line":32,"column":5}},"15":{"start":{"line":31,"column":6},"end":{"line":31,"column":13}},"16":{"start":{"line":34,"column":4},"end":{"line":34,"column":28}},"17":{"start":{"line":36,"column":4},"end":{"line":41,"column":7}},"18":{"start":{"line":43,"column":4},"end":{"line":47,"column":18}},"19":{"start":{"line":44,"column":6},"end":{"line":44,"column":37}},"20":{"start":{"line":45,"column":6},"end":{"line":45,"column":48}},"21":{"start":{"line":46,"column":6},"end":{"line":46,"column":13}},"22":{"start":{"line":51,"column":4},"end":{"line":51,"column":69}},"23":{"start":{"line":55,"column":4},"end":{"line":57,"column":6}},"24":{"start":{"line":59,"column":4},"end":{"line":59,"column":47}},"25":{"start":{"line":60,"column":4},"end":{"line":60,"column":47}},"26":{"start":{"line":61,"column":4},"end":{"line":61,"column":49}},"27":{"start":{"line":62,"column":4},"end":{"line":62,"column":55}},"28":{"start":{"line":63,"column":4},"end":{"line":63,"column":67}},"29":{"start":{"line":64,"column":4},"end":{"line":64,"column":53}},"30":{"start":{"line":65,"column":4},"end":{"line":65,"column":45}},"31":{"start":{"line":69,"column":4},"end":{"line":69,"column":38}},"32":{"start":{"line":73,"column":4},"end":{"line":73,"column":69}},"33":{"start":{"line":77,"column":4},"end":{"line":77,"column":37}},"34":{"start":{"line":78,"column":4},"end":{"line":78,"column":40}},"35":{"start":{"line":79,"column":4},"end":{"line":79,"column":40}},"36":{"start":{"line":80,"column":4},"end":{"line":80,"column":38}},"37":{"start":{"line":81,"column":4},"end":{"line":81,"column":46}},"38":{"start":{"line":83,"column":4},"end":{"line":83,"column":69}},"39":{"start":{"line":85,"column":4},"end":{"line":85,"column":61}},"40":{"start":{"line":86,"column":4},"end":{"line":86,"column":63}},"41":{"start":{"line":87,"column":4},"end":{"line":87,"column":67}},"42":{"start":{"line":88,"column":4},"end":{"line":88,"column":39}},"43":{"start":{"line":89,"column":4},"end":{"line":89,"column":40}},"44":{"start":{"line":93,"column":4},"end":{"line":93,"column":47}},"45":{"start":{"line":94,"column":4},"end":{"line":94,"column":39}},"46":{"start":{"line":95,"column":4},"end":{"line":95,"column":35}},"47":{"start":{"line":96,"column":4},"end":{"line":96,"column":37}},"48":{"start":{"line":97,"column":4},"end":{"line":97,"column":41}},"49":{"start":{"line":106,"column":4},"end":{"line":106,"column":22}},"50":{"start":{"line":108,"column":4},"end":{"line":108,"column":44}},"51":{"start":{"line":116,"column":0},"end":{"line":116,"column":35}}},"branchMap":{"1":{"line":30,"type":"if","locations":[{"start":{"line":30,"column":4},"end":{"line":30,"column":4}},{"start":{"line":30,"column":4},"end":{"line":30,"column":4}}]},"2":{"line":40,"type":"binary-expr","locations":[{"start":{"line":40,"column":15},"end":{"line":40,"column":27}},{"start":{"line":40,"column":31},"end":{"line":40,"column":59}}]},"3":{"line":45,"type":"binary-expr","locations":[{"start":{"line":45,"column":21},"end":{"line":45,"column":33}},{"start":{"line":45,"column":37},"end":{"line":45,"column":47}}]}},"code":["'use strict';","var util = require('util');","var path = require('path');","var yeoman = require('yeoman-generator');","var yosay = require('yosay');","var chalk = require('chalk');","var _ = require('lodash');","var str = require('underscore.string');","_.mixin(str);","","var HotTowelGenerator = yeoman.Base.extend({","","  constructor: function() {","    // arguments and options should be","    // defined in the constructor.","    yeoman.Base.apply(this, arguments);","","    this.argument('appName', { type: String, required: false });","    this.appName = _.camelize(_.slugify(_.humanize(this.appName)));","  },","","  welcome: function() {","    this.log(yosay(","      'Welcome to the HotTowel AngularJS generator!'","    ));","  },","","  prompting: function() {","    // If we passed in the app name, don't prompt the user for it","    if (this.appName) {","      return;","    }","","    var done = this.async();","","    var prompts = [{","      type: 'input',","      name: 'appName',","      message: 'What would you like to name the app?',","      default: this.appName || path.basename(process.cwd())","    }];","","    this.prompt(prompts, function(answers) {","      this.appName = answers.appName;","      this.appName = this.appName || 'hottowel'; //path.basename(process.cwd());","      done();","    }.bind(this));","  },","","  displayName: function() {","    this.log('Creating ' + this.appName + ' app based on HotTowel.');","  },","","  packageFiles: function() {","    var context = {","      appName: this.appName","    };","","    this.copy('_package.json', 'package.json');","    this.template('_bower.json', 'bower.json');","    this.template('_gulpfile.js', 'gulpfile.js');","    this.template('_gulp.config.js', 'gulp.config.js');","    this.template('_protractor.config.js', 'protractor.config.js');","    this.template('_karma.conf.js', 'karma.conf.js');","    this.template('_README.md', 'README.md');","  },","","  assets: function() {","    this.copy('gulp.png', 'gulp.png');","  },","","  testRunnerFiles: function() {","    this.template('src/client/_specs.html', 'src/client/specs.html');","  },","","  appFiles: function() {","    this.directory('src/client/app');","    this.directory('src/client/images');","    this.directory('src/client/styles');","    this.directory('src/client/test');","    this.directory('src/client/test-helpers');","","    this.template('src/client/_index.html', 'src/client/index.html');","","    this.template('src/server/_app.js', 'src/server/app.js');","    this.template('src/server/_data.js', 'src/server/data.js');","    this.template('src/server/_routes.js', 'src/server/routes.js');","    this.directory('src/server/utils');","    this.copy('src/server/favicon.ico');","  },","","  projectfiles: function() {","    this.copy('editorconfig', '.editorconfig');","    this.copy('jshintrc', '.jshintrc');","    this.copy('jscsrc', '.jscsrc');","    this.copy('bowerrc', '.bowerrc');","    this.copy('gitignore', '.gitignore');","  },","","  runNpm: function() {","    //        var done = this.async();","    //        this.npmInstall('', function () {","    //            console.log('\\nEverything Setup!\\n');","    //            done();","    //        });","    this.npmInstall();","    //              this.bowerInstall();","    console.log('\\nEverything Setup !!!\\n');","  },","","  end: function() {","    //        this.installDependencies();","  }","});","","module.exports = HotTowelGenerator;",""],"l":{"2":1,"3":1,"4":1,"5":1,"6":1,"7":1,"8":1,"9":1,"11":1,"16":0,"18":0,"19":0,"23":0,"30":0,"31":0,"34":0,"36":0,"43":0,"44":0,"45":0,"46":0,"51":0,"55":0,"59":0,"60":0,"61":0,"62":0,"63":0,"64":0,"65":0,"69":0,"73":0,"77":0,"78":0,"79":0,"80":0,"81":0,"83":0,"85":0,"86":0,"87":0,"88":0,"89":0,"93":0,"94":0,"95":0,"96":0,"97":0,"106":0,"108":0,"116":1}},"/home/travis/build/npmtest/node-npmtest-generator-hottowel/node_modules/generator-hottowel/app/templates/_gulp.config.js":{"path":"/home/travis/build/npmtest/node-npmtest-generator-hottowel/node_modules/generator-hottowel/app/templates/_gulp.config.js","s":{"1":1,"2":0,"3":0,"4":0,"5":0,"6":0,"7":0,"8":0,"9":0,"10":0,"11":0,"12":0,"13":0,"14":0,"15":0,"16":0,"17":0,"18":0,"19":1,"20":0,"21":0,"22":0},"b":{},"f":{"1":0,"2":0,"3":0},"fnMap":{"1":{"name":"(anonymous_1)","line":1,"loc":{"start":{"line":1,"column":17},"end":{"line":1,"column":28}}},"2":{"name":"(anonymous_2)","line":135,"loc":{"start":{"line":135,"column":36},"end":{"line":135,"column":47}}},"3":{"name":"getKarmaOptions","line":153,"loc":{"start":{"line":153,"column":2},"end":{"line":153,"column":29}}}},"statementMap":{"1":{"start":{"line":1,"column":0},"end":{"line":178,"column":2}},"2":{"start":{"line":2,"column":2},"end":{"line":2,"column":31}},"3":{"start":{"line":3,"column":2},"end":{"line":3,"column":31}},"4":{"start":{"line":4,"column":2},"end":{"line":4,"column":34}},"5":{"start":{"line":5,"column":2},"end":{"line":5,"column":27}},"6":{"start":{"line":6,"column":2},"end":{"line":6,"column":18}},"7":{"start":{"line":7,"column":2},"end":{"line":7,"column":36}},"8":{"start":{"line":8,"column":2},"end":{"line":8,"column":23}},"9":{"start":{"line":9,"column":2},"end":{"line":9,"column":35}},"10":{"start":{"line":10,"column":2},"end":{"line":10,"column":60}},"11":{"start":{"line":11,"column":2},"end":{"line":15,"column":4}},"12":{"start":{"line":16,"column":2},"end":{"line":16,"column":35}},"13":{"start":{"line":18,"column":2},"end":{"line":130,"column":4}},"14":{"start":{"line":135,"column":2},"end":{"line":142,"column":4}},"15":{"start":{"line":136,"column":4},"end":{"line":140,"column":6}},"16":{"start":{"line":141,"column":4},"end":{"line":141,"column":19}},"17":{"start":{"line":147,"column":2},"end":{"line":147,"column":35}},"18":{"start":{"line":149,"column":2},"end":{"line":149,"column":16}},"19":{"start":{"line":153,"column":2},"end":{"line":177,"column":3}},"20":{"start":{"line":154,"column":4},"end":{"line":174,"column":6}},"21":{"start":{"line":175,"column":4},"end":{"line":175,"column":75}},"22":{"start":{"line":176,"column":4},"end":{"line":176,"column":19}}},"branchMap":{},"code":["module.exports = function() {","  var client = './src/client/';","  var server = './src/server/';","  var clientApp = client + 'app/';","  var report = './report/';","  var root = './';","  var specRunnerFile = 'specs.html';","  var temp = './.tmp/';","  var wiredep = require('wiredep');","  var bowerFiles = wiredep({ devDependencies: true })['js'];","  var bower = {","    json: require('./bower.json'),","    directory: './bower_components/',","    ignorePath: '../..'","  };","  var nodeModules = 'node_modules';","","  var config = {","    /**","     * File paths","     */","    // all javascript that we want to vet","    alljs: [","      './src/**/*.js',","      './*.js'","    ],","    build: './build/',","    client: client,","    css: temp + 'styles.css',","    fonts: bower.directory + 'font-awesome/fonts/**/*.*',","    html: client + '**/*.html',","    htmltemplates: clientApp + '**/*.html',","    images: client + 'images/**/*.*',","    index: client + 'index.html',","    // app js, with no specs","    js: [","      clientApp + '**/*.module.js',","      clientApp + '**/*.js',","      '!' + clientApp + '**/*.spec.js'","    ],","    jsOrder: [","      '**/app.module.js',","      '**/*.module.js',","      '**/*.js'","    ],","    less: client + 'styles/styles.less',","    report: report,","    root: root,","    server: server,","    source: 'src/',","    stubsjs: [","      bower.directory + 'angular-mocks/angular-mocks.js',","      client + 'stubs/**/*.js'","    ],","    temp: temp,","","    /**","     * optimized files","     */","    optimized: {","      app: 'app.js',","      lib: 'lib.js'","    },","","    /**","     * plato","     */","    plato: { js: clientApp + '**/*.js' },","","    /**","     * browser sync","     */","    browserReloadDelay: 1000,","","    /**","     * template cache","     */","    templateCache: {","      file: 'templates.js',","      options: {","        module: 'app.core',","        root: 'app/',","        standalone: false","      }","    },","","    /**","     * Bower and NPM files","     */","    bower: bower,","    packages: [","      './package.json',","      './bower.json'","    ],","","    /**","     * specs.html, our HTML spec runner","     */","    specRunner: client + specRunnerFile,","    specRunnerFile: specRunnerFile,","","    /**","     * The sequence of the injections into specs.html:","     *  1 testlibraries","     *      mocha setup","     *  2 bower","     *  3 js","     *  4 spechelpers","     *  5 specs","     *  6 templates","     */","    testlibraries: [","      nodeModules + '/mocha/mocha.js',","      nodeModules + '/chai/chai.js',","      nodeModules + '/sinon-chai/lib/sinon-chai.js'","    ],","    specHelpers: [client + 'test-helpers/*.js'],","    specs: [clientApp + '**/*.spec.js'],","    serverIntegrationSpecs: [client + '/tests/server-integration/**/*.spec.js'],","    /**","     * E2E Scenario Files","     */","    scenarios: client + '/test/e2e/**/*.spec.js',","","    /**","     * Node settings","     */","    nodeServer: server + 'app.js',","    defaultPort: '8001'","  };","","  /**","   * wiredep and bower settings","   */","  config.getWiredepDefaultOptions = function() {","    var options = {","      bowerJson: config.bower.json,","      directory: config.bower.directory,","      ignorePath: config.bower.ignorePath","    };","    return options;","  };","","  /**","   * karma settings","   */","  config.karma = getKarmaOptions();","","  return config;","","  ////////////////","","  function getKarmaOptions() {","    var options = {","      files: [].concat(","        bowerFiles,","        config.specHelpers,","        clientApp + '**/*.module.js',","        clientApp + '**/*.js',","        temp + config.templateCache.file,","        config.serverIntegrationSpecs","      ),","      exclude: [],","      coverage: {","        dir: report + 'coverage',","        reporters: [","          // reporters not supporting the `file` property","          { type: 'html', subdir: 'report-html' },","          { type: 'lcov', subdir: 'report-lcov' },","          { type: 'text-summary' } //, subdir: '.', file: 'text-summary.txt'}","        ]","      },","      preprocessors: {}","    };","    options.preprocessors[clientApp + '**/!(*.spec)+(.js)'] = ['coverage'];","    return options;","  }","};",""],"l":{"1":1,"2":0,"3":0,"4":0,"5":0,"6":0,"7":0,"8":0,"9":0,"10":0,"11":0,"16":0,"18":0,"135":0,"136":0,"141":0,"147":0,"149":0,"153":1,"154":0,"175":0,"176":0}},"/home/travis/build/npmtest/node-npmtest-generator-hottowel/node_modules/generator-hottowel/app/templates/_gulpfile.js":{"path":"/home/travis/build/npmtest/node-npmtest-generator-hottowel/node_modules/generator-hottowel/app/templates/_gulpfile.js","s":{"1":2,"2":2,"3":0,"4":0,"5":0,"6":0,"7":0,"8":0,"9":0,"10":0,"11":0,"12":0,"13":0,"14":0,"15":0,"16":0,"17":0,"18":0,"19":0,"20":0,"21":0,"22":0,"23":0,"24":0,"25":0,"26":0,"27":0,"28":0,"29":0,"30":0,"31":0,"32":0,"33":0,"34":0,"35":0,"36":0,"37":0,"38":0,"39":0,"40":0,"41":0,"42":0,"43":0,"44":0,"45":0,"46":0,"47":0,"48":0,"49":0,"50":0,"51":0,"52":0,"53":0,"54":0,"55":0,"56":0,"57":0,"58":0,"59":0,"60":0,"61":0,"62":0,"63":0,"64":0,"65":0,"66":0,"67":0,"68":0,"69":0,"70":0,"71":0,"72":0,"73":0,"74":0,"75":0,"76":0,"77":0,"78":0,"79":0,"80":0,"81":0,"82":0,"83":0,"84":0,"85":0,"86":0,"87":0,"88":0,"89":0,"90":0,"91":0,"92":0,"93":0,"94":0,"95":0,"96":0,"97":0,"98":0,"99":0,"100":0,"101":0,"102":0,"103":0,"104":0,"105":0,"106":0,"107":0,"108":0,"109":1,"110":0,"111":0,"112":1,"113":0,"114":0,"115":1,"116":0,"117":0,"118":0,"119":0,"120":1,"121":0,"122":1,"123":0,"124":0,"125":0,"126":0,"127":0,"128":0,"129":0,"130":0,"131":0,"132":0,"133":0,"134":0,"135":0,"136":0,"137":0,"138":1,"139":0,"140":1,"141":0,"142":0,"143":0,"144":0,"145":0,"146":0,"147":0,"148":0,"149":0,"150":0,"151":1,"152":0,"153":0,"154":0,"155":0,"156":0,"157":0,"158":0,"159":1,"160":0,"161":0,"162":0,"163":0,"164":0,"165":1,"166":0,"167":0,"168":0,"169":0,"170":0,"171":0,"172":0,"173":0,"174":0,"175":0,"176":0,"177":0,"178":0,"179":0,"180":0,"181":0,"182":1,"183":0,"184":0,"185":0,"186":0,"187":0,"188":0,"189":0,"190":1,"191":0,"192":0,"193":1,"194":0,"195":1,"196":0,"197":0,"198":0,"199":1,"200":0,"201":0,"202":0,"203":0,"204":0,"205":1,"206":0,"207":0,"208":0,"209":0,"210":0},"b":{"1":[0,0],"2":[0,0],"3":[0,0],"4":[0,0],"5":[0,0],"6":[0,0],"7":[0,0],"8":[0,0],"9":[0,0],"10":[0,0],"11":[0,0],"12":[0,0],"13":[0,0],"14":[0,0],"15":[0,0],"16":[0,0],"17":[0,0],"18":[0,0],"19":[0,0],"20":[0,0],"21":[0,0],"22":[0,0]},"f":{"1":0,"2":0,"3":0,"4":0,"5":0,"6":0,"7":0,"8":0,"9":0,"10":0,"11":0,"12":0,"13":0,"14":0,"15":0,"16":0,"17":0,"18":0,"19":0,"20":0,"21":0,"22":0,"23":0,"24":0,"25":0,"26":0,"27":0,"28":0,"29":0,"30":0,"31":0,"32":0,"33":0,"34":0,"35":0,"36":0,"37":0,"38":0,"39":0,"40":0,"41":0,"42":0,"43":0,"44":0},"fnMap":{"1":{"name":"(anonymous_1)","line":37,"loc":{"start":{"line":37,"column":17},"end":{"line":37,"column":28}}},"2":{"name":"(anonymous_2)","line":52,"loc":{"start":{"line":52,"column":19},"end":{"line":52,"column":34}}},"3":{"name":"(anonymous_3)","line":63,"loc":{"start":{"line":63,"column":38},"end":{"line":63,"column":49}}},"4":{"name":"(anonymous_4)","line":79,"loc":{"start":{"line":79,"column":36},"end":{"line":79,"column":47}}},"5":{"name":"(anonymous_5)","line":91,"loc":{"start":{"line":91,"column":38},"end":{"line":91,"column":49}}},"6":{"name":"(anonymous_6)","line":100,"loc":{"start":{"line":100,"column":26},"end":{"line":100,"column":37}}},"7":{"name":"(anonymous_7)","line":108,"loc":{"start":{"line":108,"column":43},"end":{"line":108,"column":54}}},"8":{"name":"(anonymous_8)","line":127,"loc":{"start":{"line":127,"column":21},"end":{"line":127,"column":32}}},"9":{"name":"(anonymous_9)","line":143,"loc":{"start":{"line":143,"column":60},"end":{"line":143,"column":71}}},"10":{"name":"(anonymous_10)","line":156,"loc":{"start":{"line":156,"column":42},"end":{"line":156,"column":57}}},"11":{"name":"(anonymous_11)","line":166,"loc":{"start":{"line":166,"column":44},"end":{"line":166,"column":59}}},"12":{"name":"(anonymous_12)","line":195,"loc":{"start":{"line":195,"column":52},"end":{"line":195,"column":63}}},"13":{"name":"(anonymous_13)","line":213,"loc":{"start":{"line":213,"column":42},"end":{"line":213,"column":53}}},"14":{"name":"(anonymous_14)","line":257,"loc":{"start":{"line":257,"column":19},"end":{"line":257,"column":34}}},"15":{"name":"(anonymous_15)","line":267,"loc":{"start":{"line":267,"column":25},"end":{"line":267,"column":40}}},"16":{"name":"(anonymous_16)","line":275,"loc":{"start":{"line":275,"column":26},"end":{"line":275,"column":41}}},"17":{"name":"(anonymous_17)","line":283,"loc":{"start":{"line":283,"column":26},"end":{"line":283,"column":41}}},"18":{"name":"(anonymous_18)","line":295,"loc":{"start":{"line":295,"column":24},"end":{"line":295,"column":39}}},"19":{"name":"(anonymous_19)","line":310,"loc":{"start":{"line":310,"column":44},"end":{"line":310,"column":59}}},"20":{"name":"(anonymous_20)","line":327,"loc":{"start":{"line":327,"column":22},"end":{"line":327,"column":37}}},"21":{"name":"(anonymous_21)","line":336,"loc":{"start":{"line":336,"column":35},"end":{"line":336,"column":46}}},"22":{"name":"(anonymous_22)","line":345,"loc":{"start":{"line":345,"column":36},"end":{"line":345,"column":47}}},"23":{"name":"(anonymous_23)","line":357,"loc":{"start":{"line":357,"column":18},"end":{"line":357,"column":29}}},"24":{"name":"changeEvent","line":389,"loc":{"start":{"line":389,"column":0},"end":{"line":389,"column":28}}},"25":{"name":"clean","line":399,"loc":{"start":{"line":399,"column":0},"end":{"line":399,"column":27}}},"26":{"name":"inject","line":411,"loc":{"start":{"line":411,"column":0},"end":{"line":411,"column":35}}},"27":{"name":"orderSrc","line":426,"loc":{"start":{"line":426,"column":0},"end":{"line":426,"column":30}}},"28":{"name":"serve","line":440,"loc":{"start":{"line":440,"column":0},"end":{"line":440,"column":34}}},"29":{"name":"(anonymous_29)","line":451,"loc":{"start":{"line":451,"column":28},"end":{"line":451,"column":41}}},"30":{"name":"(anonymous_30)","line":454,"loc":{"start":{"line":454,"column":17},"end":{"line":454,"column":28}}},"31":{"name":"(anonymous_31)","line":459,"loc":{"start":{"line":459,"column":17},"end":{"line":459,"column":28}}},"32":{"name":"(anonymous_32)","line":463,"loc":{"start":{"line":463,"column":17},"end":{"line":463,"column":28}}},"33":{"name":"(anonymous_33)","line":466,"loc":{"start":{"line":466,"column":16},"end":{"line":466,"column":27}}},"34":{"name":"getNodeOptions","line":471,"loc":{"start":{"line":471,"column":0},"end":{"line":471,"column":31}}},"35":{"name":"startBrowserSync","line":518,"loc":{"start":{"line":518,"column":0},"end":{"line":518,"column":45}}},"36":{"name":"startPlatoVisualizer","line":569,"loc":{"start":{"line":569,"column":0},"end":{"line":569,"column":36}}},"37":{"name":"platoCompleted","line":584,"loc":{"start":{"line":584,"column":2},"end":{"line":584,"column":34}}},"38":{"name":"startTests","line":599,"loc":{"start":{"line":599,"column":0},"end":{"line":599,"column":37}}},"39":{"name":"karmaCompleted","line":629,"loc":{"start":{"line":629,"column":2},"end":{"line":629,"column":39}}},"40":{"name":"bytediffFormatter","line":648,"loc":{"start":{"line":648,"column":0},"end":{"line":648,"column":33}}},"41":{"name":"formatPercent","line":672,"loc":{"start":{"line":672,"column":0},"end":{"line":672,"column":39}}},"42":{"name":"getHeader","line":680,"loc":{"start":{"line":680,"column":0},"end":{"line":680,"column":21}}},"43":{"name":"log","line":700,"loc":{"start":{"line":700,"column":0},"end":{"line":700,"column":18}}},"44":{"name":"notify","line":715,"loc":{"start":{"line":715,"column":0},"end":{"line":715,"column":25}}}},"statementMap":{"1":{"start":{"line":1,"column":0},"end":{"line":1,"column":33}},"2":{"start":{"line":2,"column":0},"end":{"line":2,"column":42}},"3":{"start":{"line":3,"column":0},"end":{"line":3,"column":40}},"4":{"start":{"line":4,"column":0},"end":{"line":4,"column":25}},"5":{"start":{"line":5,"column":0},"end":{"line":5,"column":27}},"6":{"start":{"line":6,"column":0},"end":{"line":6,"column":27}},"7":{"start":{"line":7,"column":0},"end":{"line":7,"column":27}},"8":{"start":{"line":8,"column":0},"end":{"line":8,"column":26}},"9":{"start":{"line":9,"column":0},"end":{"line":9,"column":53}},"10":{"start":{"line":10,"column":0},"end":{"line":10,"column":41}},"11":{"start":{"line":12,"column":0},"end":{"line":12,"column":27}},"12":{"start":{"line":13,"column":0},"end":{"line":13,"column":24}},"13":{"start":{"line":14,"column":0},"end":{"line":14,"column":50}},"14":{"start":{"line":30,"column":0},"end":{"line":30,"column":33}},"15":{"start":{"line":31,"column":0},"end":{"line":31,"column":31}},"16":{"start":{"line":37,"column":0},"end":{"line":47,"column":3}},"17":{"start":{"line":38,"column":2},"end":{"line":38,"column":47}},"18":{"start":{"line":40,"column":2},"end":{"line":46,"column":20}},"19":{"start":{"line":52,"column":0},"end":{"line":57,"column":3}},"20":{"start":{"line":53,"column":2},"end":{"line":53,"column":37}},"21":{"start":{"line":54,"column":2},"end":{"line":54,"column":65}},"22":{"start":{"line":56,"column":2},"end":{"line":56,"column":29}},"23":{"start":{"line":63,"column":0},"end":{"line":73,"column":3}},"24":{"start":{"line":64,"column":2},"end":{"line":64,"column":32}},"25":{"start":{"line":66,"column":2},"end":{"line":72,"column":34}},"26":{"start":{"line":79,"column":0},"end":{"line":85,"column":3}},"27":{"start":{"line":80,"column":2},"end":{"line":80,"column":23}},"28":{"start":{"line":82,"column":2},"end":{"line":84,"column":45}},"29":{"start":{"line":91,"column":0},"end":{"line":98,"column":3}},"30":{"start":{"line":92,"column":2},"end":{"line":92,"column":40}},"31":{"start":{"line":94,"column":2},"end":{"line":97,"column":46}},"32":{"start":{"line":100,"column":0},"end":{"line":102,"column":3}},"33":{"start":{"line":101,"column":2},"end":{"line":101,"column":40}},"34":{"start":{"line":108,"column":0},"end":{"line":121,"column":3}},"35":{"start":{"line":109,"column":2},"end":{"line":109,"column":46}},"36":{"start":{"line":111,"column":2},"end":{"line":120,"column":34}},"37":{"start":{"line":127,"column":0},"end":{"line":141,"column":3}},"38":{"start":{"line":128,"column":2},"end":{"line":128,"column":53}},"39":{"start":{"line":130,"column":2},"end":{"line":130,"column":42}},"40":{"start":{"line":131,"column":2},"end":{"line":131,"column":50}},"41":{"start":{"line":134,"column":2},"end":{"line":134,"column":73}},"42":{"start":{"line":136,"column":2},"end":{"line":140,"column":36}},"43":{"start":{"line":143,"column":0},"end":{"line":150,"column":3}},"44":{"start":{"line":144,"column":2},"end":{"line":144,"column":58}},"45":{"start":{"line":146,"column":2},"end":{"line":149,"column":36}},"46":{"start":{"line":156,"column":0},"end":{"line":160,"column":3}},"47":{"start":{"line":157,"column":2},"end":{"line":157,"column":29}},"48":{"start":{"line":158,"column":2},"end":{"line":158,"column":49}},"49":{"start":{"line":159,"column":2},"end":{"line":159,"column":9}},"50":{"start":{"line":166,"column":0},"end":{"line":188,"column":3}},"51":{"start":{"line":167,"column":2},"end":{"line":167,"column":34}},"52":{"start":{"line":169,"column":2},"end":{"line":169,"column":42}},"53":{"start":{"line":170,"column":2},"end":{"line":170,"column":62}},"54":{"start":{"line":171,"column":2},"end":{"line":171,"column":50}},"55":{"start":{"line":172,"column":2},"end":{"line":172,"column":27}},"56":{"start":{"line":174,"column":2},"end":{"line":176,"column":3}},"57":{"start":{"line":175,"column":4},"end":{"line":175,"column":60}},"58":{"start":{"line":177,"column":2},"end":{"line":177,"column":33}},"59":{"start":{"line":179,"column":2},"end":{"line":187,"column":36}},"60":{"start":{"line":195,"column":0},"end":{"line":206,"column":3}},"61":{"start":{"line":196,"column":2},"end":{"line":196,"column":29}},"62":{"start":{"line":198,"column":2},"end":{"line":202,"column":4}},"63":{"start":{"line":203,"column":2},"end":{"line":203,"column":19}},"64":{"start":{"line":204,"column":2},"end":{"line":204,"column":11}},"65":{"start":{"line":205,"column":2},"end":{"line":205,"column":14}},"66":{"start":{"line":213,"column":0},"end":{"line":251,"column":3}},"67":{"start":{"line":214,"column":2},"end":{"line":214,"column":42}},"68":{"start":{"line":216,"column":2},"end":{"line":216,"column":53}},"69":{"start":{"line":218,"column":2},"end":{"line":218,"column":39}},"70":{"start":{"line":219,"column":2},"end":{"line":219,"column":59}},"71":{"start":{"line":220,"column":2},"end":{"line":220,"column":59}},"72":{"start":{"line":222,"column":2},"end":{"line":222,"column":62}},"73":{"start":{"line":224,"column":2},"end":{"line":250,"column":35}},"74":{"start":{"line":257,"column":0},"end":{"line":261,"column":3}},"75":{"start":{"line":258,"column":2},"end":{"line":258,"column":70}},"76":{"start":{"line":259,"column":2},"end":{"line":259,"column":52}},"77":{"start":{"line":260,"column":2},"end":{"line":260,"column":23}},"78":{"start":{"line":267,"column":0},"end":{"line":269,"column":3}},"79":{"start":{"line":268,"column":2},"end":{"line":268,"column":45}},"80":{"start":{"line":275,"column":0},"end":{"line":277,"column":3}},"81":{"start":{"line":276,"column":2},"end":{"line":276,"column":46}},"82":{"start":{"line":283,"column":0},"end":{"line":289,"column":3}},"83":{"start":{"line":284,"column":2},"end":{"line":287,"column":4}},"84":{"start":{"line":288,"column":2},"end":{"line":288,"column":21}},"85":{"start":{"line":295,"
[...]
s))","    .pipe(inject(config.js, '', config.jsOrder))","    .pipe(inject(config.testlibraries, 'testlibraries'))","    .pipe(inject(config.specHelpers, 'spechelpers'))","    .pipe(inject(specs, 'specs', ['**/*']))","    .pipe(inject(templateCache, 'templates'))","    .pipe(gulp.dest(config.client));","});","","/**"," * Build everything"," * This is separate so we can run tests on"," * optimize before handling image or fonts"," */","gulp.task('build', ['optimize', 'images', 'fonts'], function() {","  log('Building everything');","","  var msg = {","    title: 'gulp build',","    subtitle: 'Deployed to the build folder',","    message: 'Running `gulp serve-build`'","  };","  del(config.temp);","  log(msg);","  notify(msg);","});","","/**"," * Optimize all files, move to a build folder,"," * and inject them into the new index.html"," * @return {Stream}"," */","gulp.task('optimize', ['inject', 'test'], function() {","  log('Optimizing the js, css, and html');","","  var assets = $.useref.assets({ searchPath: './' });","  // Filters are named for the gulp-useref path","  var cssFilter = $.filter('**/*.css');","  var jsAppFilter = $.filter('**/' + config.optimized.app);","  var jslibFilter = $.filter('**/' + config.optimized.lib);","","  var templateCache = config.temp + config.templateCache.file;","","  return gulp","    .src(config.index)","    .pipe($.plumber())","    .pipe(inject(templateCache, 'templates'))","    .pipe(assets) // Gather all assets from the html with useref","    // Get the css","    .pipe(cssFilter)","    .pipe($.minifyCss())","    .pipe(cssFilter.restore())","    // Get the custom javascript","    .pipe(jsAppFilter)","    .pipe($.ngAnnotate({ add: true }))","    .pipe($.uglify())","    .pipe(getHeader())","    .pipe(jsAppFilter.restore())","    // Get the vendor javascript","    .pipe(jslibFilter)","    .pipe($.uglify()) // another option is to override wiredep to use min files","    .pipe(jslibFilter.restore())","    // Take inventory of the file names for future rev numbers","    .pipe($.rev())","    // Apply the concat and file replacement with useref","    .pipe(assets.restore())","    .pipe($.useref())","    // Replace the file names in the html with rev numbers","    .pipe($.revReplace())","    .pipe(gulp.dest(config.build));","});","","/**"," * Remove all files from the build, temp, and reports folders"," * @param  {Function} done - callback when complete"," */","gulp.task('clean', function(done) {","  var delconfig = [].concat(config.build, config.temp, config.report);","  log('Cleaning: ' + $.util.colors.blue(delconfig));","  del(delconfig, done);","});","","/**"," * Remove all fonts from the build folder"," * @param  {Function} done - callback when complete"," */","gulp.task('clean-fonts', function(done) {","  clean(config.build + 'fonts/**/*.*', done);","});","","/**"," * Remove all images from the build folder"," * @param  {Function} done - callback when complete"," */","gulp.task('clean-images', function(done) {","  clean(config.build + 'images/**/*.*', done);","});","","/**"," * Remove all styles from the build and temp folders"," * @param  {Function} done - callback when complete"," */","gulp.task('clean-styles', function(done) {","  var files = [].concat(","    config.temp + '**/*.css',","    config.build + 'styles/**/*.css'","  );","  clean(files, done);","});","","/**"," * Remove all js and html from the build and temp folders"," * @param  {Function} done - callback when complete"," */","gulp.task('clean-code', function(done) {","  var files = [].concat(","    config.temp + '**/*.js',","    config.build + 'js/**/*.js',","    config.build + '**/*.html'","  );","  clean(files, done);","});","","/**"," * Run specs once and exit"," * To start servers and run midway specs as well:"," *    gulp test --startServers"," * @return {Stream}"," */","gulp.task('test', ['vet', 'templatecache'], function(done) {","  startTests(true /*singleRun*/, done);","});","","/**"," * Runs the e2e specs using protractor."," */","// gulp.task('e2e', ['vet'], function(done) {","//   runProtractor(done);","// });","","/**"," * Run specs and wait."," * Watch for file changes and re-run tests on each change"," * To start servers and run midway specs as well:"," *    gulp autotest --startServers"," */","gulp.task('autotest', function(done) {","  startTests(false /*singleRun*/, done);","});","","/**"," * serve the dev environment"," * --debug-brk or --debug"," * --nosync"," */","gulp.task('serve-dev', ['inject'], function() {","  serve(true /*isDev*/);","});","","/**"," * serve the build environment"," * --debug-brk or --debug"," * --nosync"," */","gulp.task('serve-build', ['build'], function() {","  serve(false /*isDev*/);","});","","/**"," * Bump the version"," * --type=pre will bump the prerelease version *.*.*-x"," * --type=patch or no flag will bump the patch version *.*.x"," * --type=minor will bump the minor version *.x.*"," * --type=major will bump the major version x.*.*"," * --version=1.2.3 will bump to a specific version and ignore other flags"," */","gulp.task('bump', function() {","  var msg = 'Bumping versions';","  var type = args.type;","  var version = args.ver;","  var options = {};","  if (version) {","    options.version = version;","    msg += ' to ' + version;","  } else {","    options.type = type;","    msg += ' for a ' + type;","  }","  log(msg);","","  return gulp","    .src(config.packages)","    .pipe($.print())","    .pipe($.bump(options))","    .pipe(gulp.dest(config.root));","});","","/**"," * Optimize the code and re-load browserSync"," */","gulp.task('browserSyncReload', ['optimize'], browserSync.reload);","","////////////////","","/**"," * When files change, log it"," * @param  {Object} event - event that fired"," */","function changeEvent(event) {","  var srcPattern = new RegExp('/.*(?=/' + config.source + ')/');","  log('File ' + event.path.replace(srcPattern, '') + ' ' + event.type);","}","","/**"," * Delete all files in a given path"," * @param  {Array}   path - array of paths to delete"," * @param  {Function} done - callback when complete"," */","function clean(path, done) {","  log('Cleaning: ' + $.util.colors.blue(path));","  del(path, done);","}","","/**"," * Inject files in a sorted sequence at a specified inject label"," * @param   {Array} src   glob pattern for source files"," * @param   {String} label   The label name"," * @param   {Array} order   glob pattern for sort order of the files"," * @returns {Stream}   The stream"," */","function inject(src, label, order) {","  var options = { read: false };","  if (label) {","    options.name = 'inject:' + label;","  }","","  return $.inject(orderSrc(src, order), options);","}","","/**"," * Order a stream"," * @param   {Stream} src   The gulp.src stream"," * @param   {Array} order Glob array pattern"," * @returns {Stream} The ordered stream"," */","function orderSrc(src, order) {","  //order = order || ['**/*'];","  return gulp","    .src(src)","    .pipe($.if(order, $.order(order)));","}","","/**"," * serve the code"," * --debug-brk or --debug"," * --nosync"," * @param  {Boolean} isDev - dev or build mode"," * @param  {Boolean} specRunner - server spec runner html"," */","function serve(isDev, specRunner) {","  var debugMode = '--debug';","  var nodeOptions = getNodeOptions(isDev);","","  nodeOptions.nodeArgs = [debugMode + '=5858'];","","  if (args.verbose) {","    console.log(nodeOptions);","  }","","  return $.nodemon(nodeOptions)","    .on('restart', ['vet'], function(ev) {","      log('*** nodemon restarted');","      log('files changed:\\n' + ev);","      setTimeout(function() {","        browserSync.notify('reloading now ...');","        browserSync.reload({ stream: false });","      }, config.browserReloadDelay);","    })","    .on('start', function() {","      log('*** nodemon started');","      startBrowserSync(isDev, specRunner);","    })","    .on('crash', function() {","      log('*** nodemon crashed: script crashed for some reason');","    })","    .on('exit', function() {","      log('*** nodemon exited cleanly');","    });","}","","function getNodeOptions(isDev) {","  return {","    script: config.nodeServer,","    delayTime: 1,","    env: {","      'PORT': port,","      'NODE_ENV': isDev ? 'dev' : 'build'","    },","    watch: [config.server]","  };","}","","//function runNodeInspector() {","//    log('Running node-inspector.');","//    log('Browse to http://localhost:8080/debug?port=5858');","//    var exec = require('child_process').exec;","//    exec('node-inspector');","//}","","// /**","//  * Start e2e tests using Protractor.","//  * @param {function} done Callback when protractor has finished its operation.","//  * @return {Stream}","//  */","// function runProtractor(done) {","//   log('Running e2e Protractor Specs...');","","//   return gulp","//     .src([config.scenarios], {read: false})","//     .pipe($.plumber())","//     .pipe(protractor({","//       configFile: './protractor.config.js'","//     }))","//     .on('error', function() {","//       log('Protractor Error.');","//       done();","//     })","//     .on('end', function() {","//       log('Protractor End.');","//       done();","//     });","// }","","/**"," * Start BrowserSync"," * --nosync will avoid browserSync"," */","function startBrowserSync(isDev, specRunner) {","  if (args.nosync || browserSync.active) {","    return;","  }","","  log('Starting BrowserSync on port ' + port);","","  // If build: watches the files, builds, and restarts browser-sync.","  // If dev: watches less, compiles it to css, browser-sync handles reload","  if (isDev) {","    gulp.watch([config.less], ['styles'])","      .on('change', changeEvent);","  } else {","    gulp.watch([config.less, config.js, config.html], ['browserSyncReload'])","      .on('change', changeEvent);","  }","","  var options = {","    proxy: 'localhost:' + port,","    port: 3000,","    files: isDev ? [","      config.client + '**/*.*',","      '!' + config.less,","      config.temp + '**/*.css'","    ] : [],","    watchOptions: {","      ignored: ['node_modules', 'bower_components']","    },","    ghostMode: { // these are the defaults t,f,t,t","      clicks: true,","      location: false,","      forms: true,","      scroll: true","    },","    injectChanges: true,","    logFileChanges: true,","    logLevel: 'info',","    logPrefix: 'hottowel',","    notify: true,","    reloadDelay: 0 //1000","  };","  if (specRunner) {","    options.startPath = config.specRunnerFile;","  }","","  browserSync(options);","}","","/**"," * Start Plato inspector and visualizer"," */","function startPlatoVisualizer(done) {","  log('Running Plato');","","  var files = glob.sync(config.plato.js);","  var excludeFiles = /.*\\.spec\\.js/;","  var plato = require('plato');","","  var options = {","    title: 'Plato Inspections Report',","    exclude: excludeFiles","  };","  var outputDir = config.report + '/plato';","","  plato.inspect(files, outputDir, options, platoCompleted);","","  function platoCompleted(report) {","    var overview = plato.getOverviewReport(report);","    if (args.verbose) {","      log(overview.summary);","    }","    if (done) { done(); }","  }","}","","/**"," * Start the tests using karma."," * @param  {boolean} singleRun - True means run once and end (CI), or keep running (dev)"," * @param  {Function} done - Callback to fire when karma is done"," * @return {undefined}"," */","function startTests(singleRun, done) {","  var child;","  var excludeFiles = [];","  var fork = require('child_process').fork;","  var Karma = require('karma').Server;","  var serverSpecs = config.serverIntegrationSpecs;","  var e2eSpecs = [config.scenarios];","  var excludeSpecs = [].concat(serverSpecs, e2eSpecs);","","  if (args.startServers) {","    log('Starting servers');","    var savedEnv = process.env;","    savedEnv.NODE_ENV = 'dev';","    savedEnv.PORT = 8888;","    child = fork(config.nodeServer);","  } else {","    // make sure server and e2e specs are not run through karma","    if (excludeSpecs && excludeSpecs.length) {","      excludeFiles = excludeSpecs;","    }","  }","","  new Karma({","    configFile: __dirname + '/karma.conf.js',","    exclude: excludeFiles,","    singleRun: !!singleRun","  }, karmaCompleted).start();","","  ////////////////","","  function karmaCompleted(karmaResult) {","    log('Karma completed');","    if (child) {","      log('shutting down the child process');","      child.kill();","    }","    if (karmaResult === 1) {","      done('karma: tests failed with code ' + karmaResult);","    } else {","      done();","    }","  }","}","","/**"," * Formatter for bytediff to display the size changes after processing"," * @param  {Object} data - byte data"," * @return {String}      Difference in bytes, formatted"," */","function bytediffFormatter(data) {","  var difference = (data.savings > 0) ? ' smaller.' : ' larger.';","  return data.fileName + ' went from ' +","    (data.startSize / 1000).toFixed(2) + ' kB to ' +","    (data.endSize / 1000).toFixed(2) + ' kB and is ' +","    formatPercent(1 - data.percent, 2) + '%' + difference;","}","","/**"," * Log an error message and emit the end of a task"," */","//function errorLogger(error) {","//    log('*** Start of Error ***');","//    log(error);","//    log('*** End of Error ***');","//    this.emit('end');","//}","","/**"," * Format a number as a percentage"," * @param  {Number} num       Number to format as a percent"," * @param  {Number} precision Precision of the decimal"," * @return {String}           Formatted perentage"," */","function formatPercent(num, precision) {","  return (num * 100).toFixed(precision);","}","","/**"," * Format and return the header for files"," * @return {String}           Formatted file header"," */","function getHeader() {","  var pkg = require('./package.json');","  var template = ['/**',","    ' * <%%= pkg.name %> - <%%= pkg.description %>',","    ' * @authors <%%= pkg.authors %>',","    ' * @version v<%%= pkg.version %>',","    ' * @link <%%= pkg.homepage %>',","    ' * @license <%%= pkg.license %>',","    ' */',","    ''","  ].join('\\n');","  return $.header(template, {","    pkg: pkg","  });","}","","/**"," * Log a message or series of messages using chalk's blue color."," * Can pass in a string, object or array."," */","function log(msg) {","  if (typeof (msg) === 'object') {","    for (var item in msg) {","      if (msg.hasOwnProperty(item)) {","        $.util.log($.util.colors.blue(msg[item]));","      }","    }","  } else {","    $.util.log($.util.colors.blue(msg));","  }","}","","/**"," * Show OS level notification using node-notifier"," */","function notify(options) {","  var notifier = require('node-notifier');","  var notifyOptions = {","    sound: 'Bottle',","    contentImage: path.join(__dirname, 'gulp.png'),","    icon: path.join(__dirname, 'gulp.png')","  };","  _.assign(notifyOptions, options);","  notifier.notify(notifyOptions);","}","","module.exports = gulp;",""],"l":{"1":2,"2":2,"3":0,"4":0,"5":0,"6":0,"7":0,"8":0,"9":0,"10":0,"12":0,"13":0,"14":0,"30":0,"31":0,"37":0,"38":0,"40":0,"52":0,"53":0,"54":0,"56":0,"63":0,"64":0,"66":0,"79":0,"80":0,"82":0,"91":0,"92":0,"94":0,"100":0,"101":0,"108":0,"109":0,"111":0,"127":0,"128":0,"130":0,"131":0,"134":0,"136":0,"143":0,"144":0,"146":0,"156":0,"157":0,"158":0,"159":0,"166":0,"167":0,"169":0,"170":0,"171":0,"172":0,"174":0,"175":0,"177":0,"179":0,"195":0,"196":0,"198":0,"203":0,"204":0,"205":0,"213":0,"214":0,"216":0,"218":0,"219":0,"220":0,"222":0,"224":0,"257":0,"258":0,"259":0,"260":0,"267":0,"268":0,"275":0,"276":0,"283":0,"284":0,"288":0,"295":0,"296":0,"301":0,"310":0,"311":0,"327":0,"328":0,"336":0,"337":0,"345":0,"346":0,"357":0,"358":0,"359":0,"360":0,"361":0,"362":0,"363":0,"364":0,"366":0,"367":0,"369":0,"371":0,"381":0,"389":1,"390":0,"391":0,"399":1,"400":0,"401":0,"411":1,"412":0,"413":0,"414":0,"417":0,"426":1,"428":0,"440":1,"441":0,"442":0,"444":0,"446":0,"447":0,"450":0,"452":0,"453":0,"454":0,"455":0,"456":0,"460":0,"461":0,"464":0,"467":0,"471":1,"472":0,"518":1,"519":0,"520":0,"523":0,"527":0,"528":0,"531":0,"535":0,"559":0,"560":0,"563":0,"569":1,"570":0,"572":0,"573":0,"574":0,"576":0,"580":0,"582":0,"584":1,"585":0,"586":0,"587":0,"589":0,"599":1,"600":0,"601":0,"602":0,"603":0,"604":0,"605":0,"606":0,"608":0,"609":0,"610":0,"611":0,"612":0,"613":0,"616":0,"617":0,"621":0,"629":1,"630":0,"631":0,"632":0,"633":0,"635":0,"636":0,"638":0,"648":1,"649":0,"650":0,"672":1,"673":0,"680":1,"681":0,"682":0,"691":0,"700":1,"701":0,"702":0,"703":0,"704":0,"708":0,"715":1,"716":0,"717":0,"722":0,"723":0,"726":0}},"/home/travis/build/npmtest/node-npmtest-generator-hottowel/node_modules/generator-hottowel/app/templates/_karma.conf.js":{"path":"/home/travis/build/npmtest/node-npmtest-generator-hottowel/node_modules/generator-hottowel/app/templates/_karma.conf.js","s":{"1":1,"2":0,"3":0},"b":{},"f":{"1":0},"fnMap":{"1":{"name":"(anonymous_1)","line":1,"loc":{"start":{"line":1,"column":17},"end":{"line":1,"column":34}}}},"statementMap":{"1":{"start":{"line":1,"column":0},"end":{"line":59,"column":2}},"2":{"start":{"line":2,"column":2},"end":{"line":2,"column":46}},"3":{"start":{"line":4,"column":2},"end":{"line":58,"column":5}}},"branchMap":{},"code":["module.exports = function(config) {","  var gulpConfig = require('./gulp.config')();","","  config.set({","    // base path that will be used to resolve all patterns (eg. files, exclude)","    basePath: './',","","    // frameworks to use","    // some available frameworks: https://npmjs.org/browse/keyword/karma-adapter","    frameworks: ['mocha', 'chai', 'sinon', 'chai-sinon'],","","    // list of files / patterns to load in the browser","    files: gulpConfig.karma.files,","","    // list of files to exclude","    exclude: gulpConfig.karma.exclude,","","    proxies: {","      '/': 'http://localhost:8888/'","    },","","    // preprocess matching files before serving them to the browser","    // available preprocessors: https://npmjs.org/browse/keyword/karma-preprocessor","    preprocessors: gulpConfig.karma.preprocessors,","","    // test results reporter to use","    // possible values: 'dots', 'progress', 'coverage'","    // available reporters: https://npmjs.org/browse/keyword/karma-reporter","    reporters: ['progress', 'coverage'],","","    coverageReporter: {","      dir: gulpConfig.karma.coverage.dir,","      reporters: gulpConfig.karma.coverage.reporters","    },","","    // web server port","    port: 9876,","","    // enable / disable colors in the output (reporters and logs)","    colors: true,","","    // level of logging","    // possible values: config.LOG_DISABLE || config.LOG_ERROR ||","    // config.LOG_WARN || config.LOG_INFO || config.LOG_DEBUG","    logLevel: config.LOG_INFO,","","    // enable / disable watching file and executing tests whenever any file changes","    autoWatch: true,","","    // start these browsers","    // available browser launchers: https://npmjs.org/browse/keyword/karma-launcher","    //        browsers: ['Chrome', 'ChromeCanary', 'FirefoxAurora', 'Safari', 'PhantomJS'],","    browsers: ['PhantomJS'],","","    // Continuous Integration mode","    // if true, Karma captures browsers, runs the tests and exits","    singleRun: false","  });","};",""],"l":{"1":1,"2":0,"4":0}},"/home/travis/build/npmtest/node-npmtest-generator-hottowel/node_modules/generator-hottowel/app/templates/_protractor.config.js":{"path":"/home/travis/build/npmtest/node-npmtest-generator-hottowel/node_modules/generator-hottowel/app/templates/_protractor.config.js","s":{"1":2,"2":0},"b":{},"f":{},"fnMap":{},"statementMap":{"1":{"start":{"line":1,"column":0},"end":{"line":1,"column":44}},"2":{"start":{"line":3,"column":0},"end":{"line":6,"column":2}}},"branchMap":{},"code":["var gulpConfig = require('./gulp.config')();","","exports.config = {","  baseUrl: 'http://localhost:' + gulpConfig.defaultPort,","  specs: gulpConfig.scenarios","};",""],"l":{"1":2,"3":0}}}